#
# There is insufficient memory for the Java Runtime Environment to continue.
# Native memory allocation (malloc) failed to allocate 1005136 bytes for Chunk::new
# Possible reasons:
#   The system is out of physical RAM or swap space
#   The process is running with CompressedOops enabled, and the Java Heap may be blocking the growth of the native heap
# Possible solutions:
#   Reduce memory load on the system
#   Increase physical memory or swap space
#   Check if swap backing store is full
#   Decrease Java heap size (-Xmx/-Xms)
#   Decrease number of Java threads
#   Decrease Java thread stack sizes (-Xss)
#   Set larger code cache with -XX:ReservedCodeCacheSize=
#   JVM is running with Unscaled Compressed Oops mode in which the Java heap is
#     placed in the first 4GB address space. The Java Heap base address is the
#     maximum limit for the native heap growth. Please use -XX:HeapBaseMinAddress
#     to set the Java Heap base and to place the Java Heap above 4GB virtual address.
# This output file may be truncated or incomplete.
#
#  Out of Memory Error (arena.cpp:189), pid=35108, tid=21912
#
# JRE version: Java(TM) SE Runtime Environment (17.0.3.1+2) (build 17.0.3.1+2-LTS-6)
# Java VM: Java HotSpot(TM) 64-Bit Server VM (17.0.3.1+2-LTS-6, mixed mode, sharing, tiered, compressed oops, compressed class ptrs, g1 gc, windows-amd64)
# No core dump will be written. Minidumps are not enabled by default on client versions of Windows
#

---------------  S U M M A R Y ------------

Command Line: -XX:MaxMetaspaceSize=512m --add-opens=java.base/java.util=ALL-UNNAMED --add-opens=java.base/java.lang=ALL-UNNAMED --add-opens=java.base/java.lang.invoke=ALL-UNNAMED --add-opens=java.prefs/java.util.prefs=ALL-UNNAMED --add-opens=java.base/java.nio.charset=ALL-UNNAMED --add-opens=java.base/java.net=ALL-UNNAMED --add-opens=java.base/java.util.concurrent.atomic=ALL-UNNAMED -Xmx2048m -Dfile.encoding=utf8 -Duser.country=RU -Duser.language=ru -Duser.variant -javaagent:C:\Users\Lenovo\.gradle\wrapper\dists\gradle-8.3-all\6en3ugtfdg5xnpx44z4qbwgas\gradle-8.3\lib\agents\gradle-instrumentation-agent-8.3.jar org.gradle.launcher.daemon.bootstrap.GradleDaemon 8.3

Host: Intel(R) Core(TM) i5-9300HF CPU @ 2.40GHz, 8 cores, 7G,  Windows 10 , 64 bit Build 19041 (10.0.19041.3636)
Time: Sat Jan 27 17:03:08 2024  Windows 10 , 64 bit Build 19041 (10.0.19041.3636) elapsed time: 24.775858 seconds (0d 0h 0m 24s)

---------------  T H R E A D  ---------------

Current thread (0x00000217cd575fc0):  JavaThread "C2 CompilerThread0" daemon [_thread_in_native, id=21912, stack(0x000000b5d3a00000,0x000000b5d3b00000)]


Current CompileTask:
C2:  24776 3339   !   4       jdk.internal.loader.URLClassPath$JarLoader::getResource (354 bytes)

Stack: [0x000000b5d3a00000,0x000000b5d3b00000]
Native frames: (J=compiled Java code, j=interpreted, Vv=VM code, C=native code)
V  [jvm.dll+0x6711ba]
V  [jvm.dll+0x7d0834]
V  [jvm.dll+0x7d1fde]
V  [jvm.dll+0x7d2643]
V  [jvm.dll+0x242c85]
V  [jvm.dll+0xaa57b]
V  [jvm.dll+0xaab0c]
V  [jvm.dll+0x35ff22]
V  [jvm.dll+0x32a581]
V  [jvm.dll+0x329a2a]
V  [jvm.dll+0x215d61]
V  [jvm.dll+0x215181]
V  [jvm.dll+0x1a1c3d]
V  [jvm.dll+0x2249c8]
V  [jvm.dll+0x222b2c]
V  [jvm.dll+0x78650b]
V  [jvm.dll+0x780aca]
V  [jvm.dll+0x670045]
C  [ucrtbase.dll+0x21bb2]
C  [KERNEL32.DLL+0x17344]
C  [ntdll.dll+0x526b1]


---------------  P R O C E S S  ---------------

Threads class SMR info:
_java_thread_list=0x00000217d0723380, length=35, elements={
0x00000217af3b9080, 0x00000217cd55ccb0, 0x00000217cd55da30, 0x00000217cd5713d0,
0x00000217cd5741a0, 0x00000217cd574a60, 0x00000217cd575320, 0x00000217cd575fc0,
0x00000217cd5e2490, 0x00000217cd5e49b0, 0x00000217ce020540, 0x00000217ce1762d0,
0x00000217cf1852c0, 0x00000217cf95ccf0, 0x00000217cee1a850, 0x00000217cfbae450,
0x00000217ce1ae540, 0x00000217ce9fa450, 0x00000217cec1f4f0, 0x00000217cee79c30,
0x00000217cee76c10, 0x00000217cee76740, 0x00000217cee78420, 0x00000217cee770e0,
0x00000217cee76270, 0x00000217cee77a80, 0x00000217cee77f50, 0x00000217cee788f0,
0x00000217cee78dc0, 0x00000217cee79290, 0x00000217cee79760, 0x00000217cfa3b500,
0x00000217cfa3b9d0, 0x00000217cfa3bea0, 0x00000217cfa3cd10
}

Java Threads: ( => current thread )
  0x00000217af3b9080 JavaThread "main" [_thread_blocked, id=33452, stack(0x000000b5d2d00000,0x000000b5d2e00000)]
  0x00000217cd55ccb0 JavaThread "Reference Handler" daemon [_thread_blocked, id=16544, stack(0x000000b5d3400000,0x000000b5d3500000)]
  0x00000217cd55da30 JavaThread "Finalizer" daemon [_thread_blocked, id=29052, stack(0x000000b5d3500000,0x000000b5d3600000)]
  0x00000217cd5713d0 JavaThread "Signal Dispatcher" daemon [_thread_blocked, id=12492, stack(0x000000b5d3600000,0x000000b5d3700000)]
  0x00000217cd5741a0 JavaThread "Attach Listener" daemon [_thread_blocked, id=36676, stack(0x000000b5d3700000,0x000000b5d3800000)]
  0x00000217cd574a60 JavaThread "Service Thread" daemon [_thread_blocked, id=38800, stack(0x000000b5d3800000,0x000000b5d3900000)]
  0x00000217cd575320 JavaThread "Monitor Deflation Thread" daemon [_thread_blocked, id=9836, stack(0x000000b5d3900000,0x000000b5d3a00000)]
=>0x00000217cd575fc0 JavaThread "C2 CompilerThread0" daemon [_thread_in_native, id=21912, stack(0x000000b5d3a00000,0x000000b5d3b00000)]
  0x00000217cd5e2490 JavaThread "C1 CompilerThread0" daemon [_thread_blocked, id=1104, stack(0x000000b5d3b00000,0x000000b5d3c00000)]
  0x00000217cd5e49b0 JavaThread "Sweeper thread" daemon [_thread_blocked, id=30436, stack(0x000000b5d3c00000,0x000000b5d3d00000)]
  0x00000217ce020540 JavaThread "Common-Cleaner" daemon [_thread_blocked, id=4244, stack(0x000000b5d3d00000,0x000000b5d3e00000)]
  0x00000217ce1762d0 JavaThread "Notification Thread" daemon [_thread_blocked, id=24308, stack(0x000000b5d3e00000,0x000000b5d3f00000)]
  0x00000217cf1852c0 JavaThread "Daemon health stats" [_thread_blocked, id=38008, stack(0x000000b5d4400000,0x000000b5d4500000)]
  0x00000217cf95ccf0 JavaThread "Incoming local TCP Connector on port 60642" [_thread_in_native, id=34932, stack(0x000000b5d4500000,0x000000b5d4600000)]
  0x00000217cee1a850 JavaThread "Daemon periodic checks" [_thread_blocked, id=16380, stack(0x000000b5d4600000,0x000000b5d4700000)]
  0x00000217cfbae450 JavaThread "Daemon" [_thread_blocked, id=35652, stack(0x000000b5d4700000,0x000000b5d4800000)]
  0x00000217ce1ae540 JavaThread "Handler for socket connection from /127.0.0.1:60642 to /127.0.0.1:60643" [_thread_in_native, id=33904, stack(0x000000b5d4800000,0x000000b5d4900000)]
  0x00000217ce9fa450 JavaThread "Cancel handler" [_thread_blocked, id=28512, stack(0x000000b5d4900000,0x000000b5d4a00000)]
  0x00000217cec1f4f0 JavaThread "Daemon worker" [_thread_in_Java, id=23304, stack(0x000000b5d4a00000,0x000000b5d4b00000)]
  0x00000217cee79c30 JavaThread "Asynchronous log dispatcher for DefaultDaemonConnection: socket connection from /127.0.0.1:60642 to /127.0.0.1:60643" [_thread_blocked, id=35720, stack(0x000000b5d4b00000,0x000000b5d4c00000)]
  0x00000217cee76c10 JavaThread "Stdin handler" [_thread_blocked, id=32864, stack(0x000000b5d4c00000,0x000000b5d4d00000)]
  0x00000217cee76740 JavaThread "Daemon client event forwarder" [_thread_blocked, id=31032, stack(0x000000b5d4d00000,0x000000b5d4e00000)]
  0x00000217cee78420 JavaThread "Cache worker for journal cache (C:\Users\Lenovo\.gradle\caches\journal-1)" [_thread_blocked, id=38220, stack(0x000000b5d4e00000,0x000000b5d4f00000)]
  0x00000217cee770e0 JavaThread "File lock request listener" [_thread_in_native, id=22400, stack(0x000000b5d4f00000,0x000000b5d5000000)]
  0x00000217cee76270 JavaThread "Cache worker for file hash cache (C:\Users\Lenovo\.gradle\caches\8.3\fileHashes)" [_thread_blocked, id=29836, stack(0x000000b5d5000000,0x000000b5d5100000)]
  0x00000217cee77a80 JavaThread "File watcher server" daemon [_thread_in_native, id=15700, stack(0x000000b5d5400000,0x000000b5d5500000)]
  0x00000217cee77f50 JavaThread "File watcher consumer" daemon [_thread_blocked, id=6324, stack(0x000000b5d5500000,0x000000b5d5600000)]
  0x00000217cee788f0 JavaThread "Cache worker for checksums cache (C:\Users\Lenovo\CoffeWakeTestApp\android\.gradle\8.3\checksums)" [_thread_blocked, id=18360, stack(0x000000b5d5600000,0x000000b5d5700000)]
  0x00000217cee78dc0 JavaThread "Cache worker for file hash cache (C:\Users\Lenovo\CoffeWakeTestApp\android\.gradle\8.3\fileHashes)" [_thread_blocked, id=32992, stack(0x000000b5d5800000,0x000000b5d5900000)]
  0x00000217cee79290 JavaThread "Cache worker for cache directory md-supplier (C:\Users\Lenovo\.gradle\caches\8.3\md-supplier)" [_thread_blocked, id=28120, stack(0x000000b5d5900000,0x000000b5d5a00000)]
  0x00000217cee79760 JavaThread "Cache worker for file content cache (C:\Users\Lenovo\.gradle\caches\8.3\fileContent)" [_thread_blocked, id=19084, stack(0x000000b5d5a00000,0x000000b5d5b00000)]
  0x00000217cfa3b500 JavaThread "Cache worker for cache directory md-rule (C:\Users\Lenovo\.gradle\caches\8.3\md-rule)" [_thread_blocked, id=37592, stack(0x000000b5d5b00000,0x000000b5d5c00000)]
  0x00000217cfa3b9d0 JavaThread "Cache worker for execution history cache (C:\Users\Lenovo\.gradle\caches\8.3\executionHistory)" [_thread_blocked, id=19664, stack(0x000000b5d5c00000,0x000000b5d5d00000)]
  0x00000217cfa3bea0 JavaThread "jar transforms" [_thread_blocked, id=26840, stack(0x000000b5d5d00000,0x000000b5d5e00000)]
  0x00000217cfa3cd10 JavaThread "jar transforms Thread 2" [_thread_blocked, id=28440, stack(0x000000b5d5e00000,0x000000b5d5f00000)]

Other Threads:
  0x00000217cd5559a0 VMThread "VM Thread" [stack: 0x000000b5d3300000,0x000000b5d3400000] [id=30988]
  0x00000217ce146830 WatcherThread [stack: 0x000000b5d3f00000,0x000000b5d4000000] [id=32784]
  0x00000217af415710 GCTaskThread "GC Thread#0" [stack: 0x000000b5d2e00000,0x000000b5d2f00000] [id=28760]
  0x00000217ceb6b4f0 GCTaskThread "GC Thread#1" [stack: 0x000000b5d4000000,0x000000b5d4100000] [id=38172]
  0x00000217cee4d390 GCTaskThread "GC Thread#2" [stack: 0x000000b5d4100000,0x000000b5d4200000] [id=4712]
  0x00000217cec43100 GCTaskThread "GC Thread#3" [stack: 0x000000b5d4200000,0x000000b5d4300000] [id=25440]
  0x00000217ced4a5b0 GCTaskThread "GC Thread#4" [stack: 0x000000b5d4300000,0x000000b5d4400000] [id=3372]
  0x00000217cfccdcf0 GCTaskThread "GC Thread#5" [stack: 0x000000b5d5100000,0x000000b5d5200000] [id=36200]
  0x00000217cff69020 GCTaskThread "GC Thread#6" [stack: 0x000000b5d5200000,0x000000b5d5300000] [id=23572]
  0x00000217d0b4d300 GCTaskThread "GC Thread#7" [stack: 0x000000b5d5300000,0x000000b5d5400000] [id=34804]
  0x00000217af426560 ConcurrentGCThread "G1 Main Marker" [stack: 0x000000b5d2f00000,0x000000b5d3000000] [id=33116]
  0x00000217af426e80 ConcurrentGCThread "G1 Conc#0" [stack: 0x000000b5d3000000,0x000000b5d3100000] [id=26760]
  0x00000217d074a920 ConcurrentGCThread "G1 Conc#1" [stack: 0x000000b5d5700000,0x000000b5d5800000] [id=33628]
  0x00000217cd4100a0 ConcurrentGCThread "G1 Refine#0" [stack: 0x000000b5d3100000,0x000000b5d3200000] [id=23056]
  0x00000217cd4109d0 ConcurrentGCThread "G1 Service" [stack: 0x000000b5d3200000,0x000000b5d3300000] [id=2896]

Threads with active compile tasks:
C2 CompilerThread0    24838 3339   !   4       jdk.internal.loader.URLClassPath$JarLoader::getResource (354 bytes)

VM state: not at safepoint (normal execution)

VM Mutex/Monitor currently owned by a thread: None

Heap address: 0x0000000080000000, size: 2048 MB, Compressed Oops mode: 32-bit

CDS archive(s) mapped at: [0x0000000800000000-0x0000000800bc0000-0x0000000800bc0000), size 12320768, SharedBaseAddress: 0x0000000800000000, ArchiveRelocationMode: 0.
Compressed class space mapped at: 0x0000000800c00000-0x000000081a800000, reserved size: 432013312
Narrow klass base: 0x0000000800000000, Narrow klass shift: 0, Narrow klass range: 0x100000000

GC Precious Log:
 CPUs: 8 total, 8 available
 Memory: 8103M
 Large Page Support: Disabled
 NUMA Support: Disabled
 Compressed Oops: Enabled (32-bit)
 Heap Region Size: 1M
 Heap Min Capacity: 8M
 Heap Initial Capacity: 128M
 Heap Max Capacity: 2G
 Pre-touch: Disabled
 Parallel Workers: 8
 Concurrent Workers: 2
 Concurrent Refinement Workers: 8
 Periodic GC: Disabled

Heap:
 garbage-first heap   total 81920K, used 32521K [0x0000000080000000, 0x0000000100000000)
  region size 1024K, 13 young (13312K), 5 survivors (5120K)
 Metaspace       used 30262K, committed 30592K, reserved 454656K
  class space    used 4344K, committed 4480K, reserved 421888K

Heap Regions: E=young(eden), S=young(survivor), O=old, HS=humongous(starts), HC=humongous(continues), CS=collection set, F=free, OA=open archive, CA=closed archive, TAMS=top-at-mark-start (previous, next)
|   0|0x0000000080000000, 0x0000000080100000, 0x0000000080100000|100%|HS|  |TAMS 0x0000000080100000, 0x0000000080000000| Complete 
|   1|0x0000000080100000, 0x0000000080200000, 0x0000000080200000|100%|HC|  |TAMS 0x0000000080200000, 0x0000000080100000| Complete 
|   2|0x0000000080200000, 0x0000000080300000, 0x0000000080300000|100%|HC|  |TAMS 0x0000000080300000, 0x0000000080200000| Complete 
|   3|0x0000000080300000, 0x0000000080400000, 0x0000000080400000|100%|HC|  |TAMS 0x0000000080400000, 0x0000000080300000| Complete 
|   4|0x0000000080400000, 0x0000000080500000, 0x0000000080500000|100%| O|  |TAMS 0x0000000080500000, 0x0000000080400000| Untracked 
|   5|0x0000000080500000, 0x0000000080600000, 0x0000000080600000|100%| O|  |TAMS 0x0000000080600000, 0x0000000080500000| Untracked 
|   6|0x0000000080600000, 0x0000000080700000, 0x0000000080700000|100%| O|  |TAMS 0x0000000080700000, 0x0000000080600000| Untracked 
|   7|0x0000000080700000, 0x0000000080800000, 0x0000000080800000|100%| O|  |TAMS 0x0000000080800000, 0x0000000080700000| Untracked 
|   8|0x0000000080800000, 0x0000000080900000, 0x0000000080900000|100%| O|  |TAMS 0x0000000080800000, 0x0000000080800000| Untracked 
|   9|0x0000000080900000, 0x0000000080a00000, 0x0000000080a00000|100%| O|  |TAMS 0x0000000080a00000, 0x0000000080900000| Untracked 
|  10|0x0000000080a00000, 0x0000000080b00000, 0x0000000080b00000|100%| O|  |TAMS 0x0000000080b00000, 0x0000000080a00000| Untracked 
|  11|0x0000000080b00000, 0x0000000080c00000, 0x0000000080c00000|100%| O|  |TAMS 0x0000000080baa400, 0x0000000080b00000| Untracked 
|  12|0x0000000080c00000, 0x0000000080d00000, 0x0000000080d00000|100%| O|  |TAMS 0x0000000080c00000, 0x0000000080c00000| Untracked 
|  13|0x0000000080d00000, 0x0000000080e00000, 0x0000000080e00000|100%| O|  |TAMS 0x0000000080d00000, 0x0000000080d00000| Untracked 
|  14|0x0000000080e00000, 0x0000000080f00000, 0x0000000080f00000|100%| O|  |TAMS 0x0000000080e00000, 0x0000000080e00000| Untracked 
|  15|0x0000000080f00000, 0x0000000081000000, 0x0000000081000000|100%| O|  |TAMS 0x0000000080f00000, 0x0000000080f00000| Untracked 
|  16|0x0000000081000000, 0x0000000081100000, 0x0000000081100000|100%| O|  |TAMS 0x0000000081000000, 0x0000000081000000| Untracked 
|  17|0x0000000081100000, 0x0000000081200000, 0x0000000081200000|100%| O|  |TAMS 0x0000000081100000, 0x0000000081100000| Untracked 
|  18|0x0000000081200000, 0x0000000081300000, 0x0000000081300000|100%| O|  |TAMS 0x0000000081200000, 0x0000000081200000| Untracked 
|  19|0x0000000081300000, 0x00000000813efc00, 0x0000000081400000| 93%| O|  |TAMS 0x0000000081300000, 0x0000000081300000| Untracked 
|  20|0x0000000081400000, 0x0000000081400000, 0x0000000081500000|  0%| F|  |TAMS 0x0000000081400000, 0x0000000081400000| Untracked 
|  21|0x0000000081500000, 0x0000000081500000, 0x0000000081600000|  0%| F|  |TAMS 0x0000000081500000, 0x0000000081500000| Untracked 
|  22|0x0000000081600000, 0x0000000081600000, 0x0000000081700000|  0%| F|  |TAMS 0x0000000081600000, 0x0000000081600000| Untracked 
|  23|0x0000000081700000, 0x0000000081700000, 0x0000000081800000|  0%| F|  |TAMS 0x0000000081700000, 0x0000000081700000| Untracked 
|  24|0x0000000081800000, 0x0000000081800000, 0x0000000081900000|  0%| F|  |TAMS 0x0000000081800000, 0x0000000081800000| Untracked 
|  25|0x0000000081900000, 0x0000000081900000, 0x0000000081a00000|  0%| F|  |TAMS 0x0000000081900000, 0x0000000081900000| Untracked 
|  26|0x0000000081a00000, 0x0000000081a00000, 0x0000000081b00000|  0%| F|  |TAMS 0x0000000081a00000, 0x0000000081a00000| Untracked 
|  27|0x0000000081b00000, 0x0000000081bd2a20, 0x0000000081c00000| 82%| S|CS|TAMS 0x0000000081b00000, 0x0000000081b00000| Complete 
|  28|0x0000000081c00000, 0x0000000081d00000, 0x0000000081d00000|100%| S|CS|TAMS 0x0000000081c00000, 0x0000000081c00000| Complete 
|  29|0x0000000081d00000, 0x0000000081e00000, 0x0000000081e00000|100%| S|CS|TAMS 0x0000000081d00000, 0x0000000081d00000| Complete 
|  30|0x0000000081e00000, 0x0000000081f00000, 0x0000000081f00000|100%| S|CS|TAMS 0x0000000081e00000, 0x0000000081e00000| Complete 
|  31|0x0000000081f00000, 0x0000000082000000, 0x0000000082000000|100%| S|CS|TAMS 0x0000000081f00000, 0x0000000081f00000| Complete 
|  32|0x0000000082000000, 0x0000000082000000, 0x0000000082100000|  0%| F|  |TAMS 0x0000000082000000, 0x0000000082000000| Untracked 
|  33|0x0000000082100000, 0x0000000082100000, 0x0000000082200000|  0%| F|  |TAMS 0x0000000082100000, 0x0000000082100000| Untracked 
|  34|0x0000000082200000, 0x0000000082200000, 0x0000000082300000|  0%| F|  |TAMS 0x0000000082200000, 0x0000000082200000| Untracked 
|  35|0x0000000082300000, 0x0000000082300000, 0x0000000082400000|  0%| F|  |TAMS 0x0000000082300000, 0x0000000082300000| Untracked 
|  36|0x0000000082400000, 0x0000000082400000, 0x0000000082500000|  0%| F|  |TAMS 0x0000000082400000, 0x0000000082400000| Untracked 
|  37|0x0000000082500000, 0x0000000082500000, 0x0000000082600000|  0%| F|  |TAMS 0x0000000082500000, 0x0000000082500000| Untracked 
|  38|0x0000000082600000, 0x0000000082600000, 0x0000000082700000|  0%| F|  |TAMS 0x0000000082600000, 0x0000000082600000| Untracked 
|  39|0x0000000082700000, 0x0000000082700000, 0x0000000082800000|  0%| F|  |TAMS 0x0000000082700000, 0x0000000082700000| Untracked 
|  40|0x0000000082800000, 0x0000000082800000, 0x0000000082900000|  0%| F|  |TAMS 0x0000000082800000, 0x0000000082800000| Untracked 
|  41|0x0000000082900000, 0x0000000082900000, 0x0000000082a00000|  0%| F|  |TAMS 0x0000000082900000, 0x0000000082900000| Untracked 
|  42|0x0000000082a00000, 0x0000000082a00000, 0x0000000082b00000|  0%| F|  |TAMS 0x0000000082a00000, 0x0000000082a00000| Untracked 
|  43|0x0000000082b00000, 0x0000000082b00000, 0x0000000082c00000|  0%| F|  |TAMS 0x0000000082b00000, 0x0000000082b00000| Untracked 
|  44|0x0000000082c00000, 0x0000000082c00000, 0x0000000082d00000|  0%| F|  |TAMS 0x0000000082c00000, 0x0000000082c00000| Untracked 
|  45|0x0000000082d00000, 0x0000000082d00000, 0x0000000082e00000|  0%| F|  |TAMS 0x0000000082d00000, 0x0000000082d00000| Untracked 
|  46|0x0000000082e00000, 0x0000000082e00000, 0x0000000082f00000|  0%| F|  |TAMS 0x0000000082e00000, 0x0000000082e00000| Untracked 
|  47|0x0000000082f00000, 0x0000000082f00000, 0x0000000083000000|  0%| F|  |TAMS 0x0000000082f00000, 0x0000000082f00000| Untracked 
|  48|0x0000000083000000, 0x0000000083000000, 0x0000000083100000|  0%| F|  |TAMS 0x0000000083000000, 0x0000000083000000| Untracked 
|  49|0x0000000083100000, 0x0000000083100000, 0x0000000083200000|  0%| F|  |TAMS 0x0000000083100000, 0x0000000083100000| Untracked 
|  50|0x0000000083200000, 0x0000000083200000, 0x0000000083300000|  0%| F|  |TAMS 0x0000000083200000, 0x0000000083200000| Untracked 
|  51|0x0000000083300000, 0x0000000083300000, 0x0000000083400000|  0%| F|  |TAMS 0x0000000083300000, 0x0000000083300000| Untracked 
|  52|0x0000000083400000, 0x0000000083400000, 0x0000000083500000|  0%| F|  |TAMS 0x0000000083400000, 0x0000000083400000| Untracked 
|  53|0x0000000083500000, 0x0000000083500000, 0x0000000083600000|  0%| F|  |TAMS 0x0000000083500000, 0x0000000083500000| Untracked 
|  54|0x0000000083600000, 0x0000000083600000, 0x0000000083700000|  0%| F|  |TAMS 0x0000000083600000, 0x0000000083600000| Untracked 
|  55|0x0000000083700000, 0x0000000083700000, 0x0000000083800000|  0%| F|  |TAMS 0x0000000083700000, 0x0000000083700000| Untracked 
|  56|0x0000000083800000, 0x0000000083800000, 0x0000000083900000|  0%| F|  |TAMS 0x0000000083800000, 0x0000000083800000| Untracked 
|  57|0x0000000083900000, 0x0000000083900000, 0x0000000083a00000|  0%| F|  |TAMS 0x0000000083900000, 0x0000000083900000| Untracked 
|  58|0x0000000083a00000, 0x0000000083a00000, 0x0000000083b00000|  0%| F|  |TAMS 0x0000000083a00000, 0x0000000083a00000| Untracked 
|  59|0x0000000083b00000, 0x0000000083b00000, 0x0000000083c00000|  0%| F|  |TAMS 0x0000000083b00000, 0x0000000083b00000| Untracked 
|  60|0x0000000083c00000, 0x0000000083c00000, 0x0000000083d00000|  0%| F|  |TAMS 0x0000000083c00000, 0x0000000083c00000| Untracked 
|  61|0x0000000083d00000, 0x0000000083d00000, 0x0000000083e00000|  0%| F|  |TAMS 0x0000000083d00000, 0x0000000083d00000| Untracked 
|  62|0x0000000083e00000, 0x0000000083e00000, 0x0000000083f00000|  0%| F|  |TAMS 0x0000000083e00000, 0x0000000083e00000| Untracked 
|  63|0x0000000083f00000, 0x0000000083f00000, 0x0000000084000000|  0%| F|  |TAMS 0x0000000083f00000, 0x0000000083f00000| Untracked 
|  64|0x0000000084000000, 0x0000000084000000, 0x0000000084100000|  0%| F|  |TAMS 0x0000000084000000, 0x0000000084000000| Untracked 
|  65|0x0000000084100000, 0x0000000084100000, 0x0000000084200000|  0%| F|  |TAMS 0x0000000084100000, 0x0000000084100000| Untracked 
|  66|0x0000000084200000, 0x0000000084200000, 0x0000000084300000|  0%| F|  |TAMS 0x0000000084200000, 0x0000000084200000| Untracked 
|  67|0x0000000084300000, 0x0000000084300000, 0x0000000084400000|  0%| F|  |TAMS 0x0000000084300000, 0x0000000084300000| Untracked 
|  68|0x0000000084400000, 0x0000000084400000, 0x0000000084500000|  0%| F|  |TAMS 0x0000000084400000, 0x0000000084400000| Untracked 
|  69|0x0000000084500000, 0x0000000084500000, 0x0000000084600000|  0%| F|  |TAMS 0x0000000084500000, 0x0000000084500000| Untracked 
|  70|0x0000000084600000, 0x0000000084600000, 0x0000000084700000|  0%| F|  |TAMS 0x0000000084600000, 0x0000000084600000| Untracked 
|  71|0x0000000084700000, 0x0000000084700000, 0x0000000084800000|  0%| F|  |TAMS 0x0000000084700000, 0x0000000084700000| Untracked 
|  72|0x0000000084800000, 0x0000000084880800, 0x0000000084900000| 50%| E|  |TAMS 0x0000000084800000, 0x0000000084800000| Complete 
|  73|0x0000000084900000, 0x0000000084a00000, 0x0000000084a00000|100%| E|CS|TAMS 0x0000000084900000, 0x0000000084900000| Complete 
|  74|0x0000000084a00000, 0x0000000084b00000, 0x0000000084b00000|100%| E|CS|TAMS 0x0000000084a00000, 0x0000000084a00000| Complete 
|  75|0x0000000084b00000, 0x0000000084c00000, 0x0000000084c00000|100%| E|CS|TAMS 0x0000000084b00000, 0x0000000084b00000| Complete 
|  87|0x0000000085700000, 0x0000000085800000, 0x0000000085800000|100%| E|CS|TAMS 0x0000000085700000, 0x0000000085700000| Complete 
|  88|0x0000000085800000, 0x0000000085900000, 0x0000000085900000|100%| E|CS|TAMS 0x0000000085800000, 0x0000000085800000| Complete 
|  89|0x0000000085900000, 0x0000000085a00000, 0x0000000085a00000|100%| E|CS|TAMS 0x0000000085900000, 0x0000000085900000| Complete 
| 127|0x0000000087f00000, 0x0000000088000000, 0x0000000088000000|100%| E|CS|TAMS 0x0000000087f00000, 0x0000000087f00000| Complete 

Card table byte_map: [0x00000217c6360000,0x00000217c6760000] _byte_map_base: 0x00000217c5f60000

Marking Bits (Prev, Next): (CMBitMap*) 0x00000217af415c70, (CMBitMap*) 0x00000217af415c30
 Prev Bits: [0x00000217c8b60000, 0x00000217cab60000)
 Next Bits: [0x00000217c6b60000, 0x00000217c8b60000)

Polling page: 0x00000217aeb90000

Metaspace:

Usage:
  Non-class:     25.31 MB used.
      Class:      4.24 MB used.
       Both:     29.55 MB used.

Virtual space:
  Non-class space:       32.00 MB reserved,      25.50 MB ( 80%) committed,  4 nodes.
      Class space:      412.00 MB reserved,       4.38 MB (  1%) committed,  1 nodes.
             Both:      444.00 MB reserved,      29.88 MB (  7%) committed. 

Chunk freelists:
   Non-Class:  2.33 MB
       Class:  3.58 MB
        Both:  5.91 MB

MaxMetaspaceSize: 512.00 MB
CompressedClassSpaceSize: 412.00 MB
Initial GC threshold: 21.00 MB
Current GC threshold: 35.12 MB
CDS: on
MetaspaceReclaimPolicy: balanced
 - commit_granule_bytes: 65536.
 - commit_granule_words: 8192.
 - virtual_space_node_default_size: 1048576.
 - enlarge_chunks_in_place: 1.
 - new_chunks_are_fully_committed: 0.
 - uncommit_free_chunks: 1.
 - use_allocation_guard: 0.
 - handle_deallocations: 1.


Internal statistics:

num_allocs_failed_limit: 3.
num_arena_births: 314.
num_arena_deaths: 0.
num_vsnodes_births: 5.
num_vsnodes_deaths: 0.
num_space_committed: 478.
num_space_uncommitted: 0.
num_chunks_returned_to_freelist: 3.
num_chunks_taken_from_freelist: 1386.
num_chunk_merges: 3.
num_chunk_splits: 930.
num_chunks_enlarged: 654.
num_purges: 0.
num_inconsistent_stats: 0.

CodeHeap 'non-profiled nmethods': size=120000Kb used=1826Kb max_used=1826Kb free=118173Kb
 bounds [0x00000217be700000, 0x00000217be970000, 0x00000217c5c30000]
CodeHeap 'profiled nmethods': size=120000Kb used=7051Kb max_used=7051Kb free=112948Kb
 bounds [0x00000217b71d0000, 0x00000217b78c0000, 0x00000217be700000]
CodeHeap 'non-nmethods': size=5760Kb used=1243Kb max_used=1310Kb free=4516Kb
 bounds [0x00000217b6c30000, 0x00000217b6ea0000, 0x00000217b71d0000]
 total_blobs=3915 nmethods=3359 adapters=468
 compilation: enabled
              stopped_count=0, restarted_count=0
 full_count=0

Compilation events (20 events):
Event: 24.765 Thread 0x00000217cd5e2490 3348       3       java.lang.reflect.Method::getExceptionTypes (11 bytes)
Event: 24.765 Thread 0x00000217cd5e2490 nmethod 3348 0x00000217b78abc90 code [0x00000217b78abe40, 0x00000217b78ac108]
Event: 24.767 Thread 0x00000217cd5e2490 3349       1       java.beans.FeatureDescriptor::getName (5 bytes)
Event: 24.767 Thread 0x00000217cd5e2490 nmethod 3349 0x00000217be8c7710 code [0x00000217be8c78a0, 0x00000217be8c7978]
Event: 24.768 Thread 0x00000217cd5e2490 3350       3       java.lang.reflect.Method::isVarArgs (5 bytes)
Event: 24.769 Thread 0x00000217cd5e2490 nmethod 3350 0x00000217b78ac210 code [0x00000217b78ac3a0, 0x00000217b78ac598]
Event: 24.769 Thread 0x00000217cd5e2490 3351       3       java.lang.reflect.Executable::isVarArgs (17 bytes)
Event: 24.769 Thread 0x00000217cd5e2490 nmethod 3351 0x00000217b78ac690 code [0x00000217b78ac840, 0x00000217b78aca68]
Event: 24.769 Thread 0x00000217cd5e2490 3352       1       java.lang.reflect.Modifier::methodModifiers (4 bytes)
Event: 24.769 Thread 0x00000217cd5e2490 nmethod 3352 0x00000217be8c7a10 code [0x00000217be8c7ba0, 0x00000217be8c7c58]
Event: 24.769 Thread 0x00000217cd5e2490 3353       3       java.util.StringJoiner::<init> (10 bytes)
Event: 24.769 Thread 0x00000217cd5e2490 nmethod 3353 0x00000217b78acb10 code [0x00000217b78accc0, 0x00000217b78ace08]
Event: 24.769 Thread 0x00000217cd5e2490 3354       3       java.beans.FeatureDescriptor::getClass0 (22 bytes)
Event: 24.770 Thread 0x00000217cd5e2490 nmethod 3354 0x00000217b78ace90 code [0x00000217b78ad040, 0x00000217b78ad388]
Event: 24.770 Thread 0x00000217cd5e2490 3355       1       java.beans.FeatureDescriptor::setName (6 bytes)
Event: 24.770 Thread 0x00000217cd5e2490 nmethod 3355 0x00000217be8c7d10 code [0x00000217be8c7ea0, 0x00000217be8c7fb8]
Event: 24.770 Thread 0x00000217cd5e2490 3356       1       java.util.TreeMap$Entry::getValue (5 bytes)
Event: 24.770 Thread 0x00000217cd5e2490 nmethod 3356 0x00000217be8c8010 code [0x00000217be8c81a0, 0x00000217be8c8278]
Event: 24.771 Thread 0x00000217cd5e2490 3357       3       java.util.TreeMap::addEntry (59 bytes)
Event: 24.771 Thread 0x00000217cd5e2490 nmethod 3357 0x00000217b78ad490 code [0x00000217b78ad660, 0x00000217b78adb28]

GC Heap History (10 events):
Event: 2.674 GC heap before
{Heap before GC invocations=0 (full 0):
 garbage-first heap   total 131072K, used 26624K [0x0000000080000000, 0x0000000100000000)
  region size 1024K, 23 young (23552K), 0 survivors (0K)
 Metaspace       used 3078K, committed 3200K, reserved 430080K
  class space    used 394K, committed 448K, reserved 421888K
}
Event: 2.722 GC heap after
{Heap after GC invocations=1 (full 0):
 garbage-first heap   total 131072K, used 10624K [0x0000000080000000, 0x0000000100000000)
  region size 1024K, 3 young (3072K), 3 survivors (3072K)
 Metaspace       used 3078K, committed 3200K, reserved 430080K
  class space    used 394K, committed 448K, reserved 421888K
}
Event: 4.327 GC heap before
{Heap before GC invocations=1 (full 0):
 garbage-first heap   total 131072K, used 39296K [0x0000000080000000, 0x0000000100000000)
  region size 1024K, 30 young (30720K), 3 survivors (3072K)
 Metaspace       used 4026K, committed 4224K, reserved 430080K
  class space    used 491K, committed 576K, reserved 421888K
}
Event: 4.335 GC heap after
{Heap after GC invocations=2 (full 0):
 garbage-first heap   total 131072K, used 12347K [0x0000000080000000, 0x0000000100000000)
  region size 1024K, 2 young (2048K), 2 survivors (2048K)
 Metaspace       used 4026K, committed 4224K, reserved 430080K
  class space    used 491K, committed 576K, reserved 421888K
}
Event: 14.388 GC heap before
{Heap before GC invocations=2 (full 0):
 garbage-first heap   total 131072K, used 88123K [0x0000000080000000, 0x0000000100000000)
  region size 1024K, 76 young (77824K), 2 survivors (2048K)
 Metaspace       used 16315K, committed 16640K, reserved 438272K
  class space    used 2361K, committed 2560K, reserved 421888K
}
Event: 14.445 GC heap after
{Heap after GC invocations=3 (full 0):
 garbage-first heap   total 131072K, used 21043K [0x0000000080000000, 0x0000000100000000)
  region size 1024K, 10 young (10240K), 10 survivors (10240K)
 Metaspace       used 16315K, committed 16640K, reserved 438272K
  class space    used 2361K, committed 2560K, reserved 421888K
}
Event: 20.219 GC heap before
{Heap before GC invocations=3 (full 0):
 garbage-first heap   total 131072K, used 58931K [0x0000000080000000, 0x0000000100000000)
  region size 1024K, 48 young (49152K), 10 survivors (10240K)
 Metaspace       used 21191K, committed 21504K, reserved 446464K
  class space    used 3138K, committed 3328K, reserved 421888K
}
Event: 20.233 GC heap after
{Heap after GC invocations=4 (full 0):
 garbage-first heap   total 131072K, used 22804K [0x0000000080000000, 0x0000000100000000)
  region size 1024K, 3 young (3072K), 3 survivors (3072K)
 Metaspace       used 21191K, committed 21504K, reserved 446464K
  class space    used 3138K, committed 3328K, reserved 421888K
}
Event: 24.079 GC heap before
{Heap before GC invocations=5 (full 0):
 garbage-first heap   total 81920K, used 68884K [0x0000000080000000, 0x0000000100000000)
  region size 1024K, 48 young (49152K), 3 survivors (3072K)
 Metaspace       used 27923K, committed 28288K, reserved 446464K
  class space    used 4077K, committed 4288K, reserved 421888K
}
Event: 24.088 GC heap after
{Heap after GC invocations=6 (full 0):
 garbage-first heap   total 81920K, used 25353K [0x0000000080000000, 0x0000000100000000)
  region size 1024K, 5 young (5120K), 5 survivors (5120K)
 Metaspace       used 27923K, committed 28288K, reserved 446464K
  class space    used 4077K, committed 4288K, reserved 421888K
}

Deoptimization events (20 events):
Event: 23.310 Thread 0x00000217cec1f4f0 Uncommon trap: trap_request=0xffffffc6 fr.pc=0x00000217be89c424 relative=0x0000000000000904
Event: 23.310 Thread 0x00000217cec1f4f0 Uncommon trap: reason=bimorphic_or_optimized_type_check action=maybe_recompile pc=0x00000217be89c424 method=java.io.BufferedInputStream.read([BII)I @ 101 c2
Event: 23.310 Thread 0x00000217cec1f4f0 DEOPT PACKING pc=0x00000217be89c424 sp=0x000000b5d4af8030
Event: 23.310 Thread 0x00000217cec1f4f0 DEOPT UNPACKING pc=0x00000217b6c823a3 sp=0x000000b5d4af7fe8 mode 2
Event: 23.312 Thread 0x00000217cec1f4f0 Uncommon trap: trap_request=0xffffffc6 fr.pc=0x00000217be89c424 relative=0x0000000000000904
Event: 23.312 Thread 0x00000217cec1f4f0 Uncommon trap: reason=bimorphic_or_optimized_type_check action=maybe_recompile pc=0x00000217be89c424 method=java.io.BufferedInputStream.read([BII)I @ 101 c2
Event: 23.312 Thread 0x00000217cec1f4f0 DEOPT PACKING pc=0x00000217be89c424 sp=0x000000b5d4af8030
Event: 23.312 Thread 0x00000217cec1f4f0 DEOPT UNPACKING pc=0x00000217b6c823a3 sp=0x000000b5d4af7fe8 mode 2
Event: 23.401 Thread 0x00000217cec1f4f0 Uncommon trap: trap_request=0xffffff45 fr.pc=0x00000217be8966bc relative=0x00000000000005dc
Event: 23.401 Thread 0x00000217cec1f4f0 Uncommon trap: reason=unstable_if action=reinterpret pc=0x00000217be8966bc method=jdk.internal.org.objectweb.asm.MethodWriter.visitVarInsn(II)V @ 108 c2
Event: 23.401 Thread 0x00000217cec1f4f0 DEOPT PACKING pc=0x00000217be8966bc sp=0x000000b5d4af1120
Event: 23.401 Thread 0x00000217cec1f4f0 DEOPT UNPACKING pc=0x00000217b6c823a3 sp=0x000000b5d4af10e8 mode 2
Event: 24.059 Thread 0x00000217cec1f4f0 Uncommon trap: trap_request=0xffffff45 fr.pc=0x00000217be7d51f8 relative=0x0000000000000558
Event: 24.059 Thread 0x00000217cec1f4f0 Uncommon trap: reason=unstable_if action=reinterpret pc=0x00000217be7d51f8 method=java.util.Properties$LineReader.readLine()I @ 95 c2
Event: 24.059 Thread 0x00000217cec1f4f0 DEOPT PACKING pc=0x00000217be7d51f8 sp=0x000000b5d4af80b0
Event: 24.059 Thread 0x00000217cec1f4f0 DEOPT UNPACKING pc=0x00000217b6c823a3 sp=0x000000b5d4af8050 mode 2
Event: 24.654 Thread 0x00000217cec1f4f0 Uncommon trap: trap_request=0xffffff54 fr.pc=0x00000217be7b167c relative=0x0000000000000dbc
Event: 24.654 Thread 0x00000217cec1f4f0 Uncommon trap: reason=speculate_null_assert action=make_not_entrant pc=0x00000217be7b167c method=jdk.internal.loader.URLClassPath$JarLoader.getResource(Ljava/lang/String;ZLjava/util/Set;)Ljdk/internal/loader/Resource; @ 17 c2
Event: 24.654 Thread 0x00000217cec1f4f0 DEOPT PACKING pc=0x00000217be7b167c sp=0x000000b5d4af6ea0
Event: 24.654 Thread 0x00000217cec1f4f0 DEOPT UNPACKING pc=0x00000217b6c823a3 sp=0x000000b5d4af6e38 mode 2

Classes unloaded (0 events):
No events

Classes redefined (0 events):
No events

Internal exceptions (20 events):
Event: 21.785 Thread 0x00000217cec1f4f0 Exception <a 'java/lang/IncompatibleClassChangeError'{0x00000000839e2cb0}: Found class java.lang.Object, but interface was expected> (0x00000000839e2cb0) 
thrown [t:\workspace\open\src\hotspot\share\interpreter\linkResolver.cpp, line 833]
Event: 22.446 Thread 0x00000217cec1f4f0 Exception <a 'java/lang/NoSuchMethodError'{0x0000000083017478}: 'int java.lang.invoke.DirectMethodHandle$Holder.invokeStaticInit(java.lang.Object, java.lang.Object, java.lang.Object)'> (0x0000000083017478) 
thrown [t:\workspace\open\src\hotspot\share\interpreter\linkResolver.cpp, line 766]
Event: 22.449 Thread 0x00000217cec1f4f0 Exception <a 'java/lang/NoSuchMethodError'{0x000000008302d1b8}: 'java.lang.Object java.lang.invoke.DirectMethodHandle$Holder.newInvokeSpecial(java.lang.Object, java.lang.Object, long)'> (0x000000008302d1b8) 
thrown [t:\workspace\open\src\hotspot\share\interpreter\linkResolver.cpp, line 766]
Event: 22.450 Thread 0x00000217cec1f4f0 Exception <a 'java/lang/NoSuchMethodError'{0x00000000830317c8}: 'java.lang.Object java.lang.invoke.Invokers$Holder.linkToTargetMethod(java.lang.Object, long, java.lang.Object)'> (0x00000000830317c8) 
thrown [t:\workspace\open\src\hotspot\share\interpreter\linkResolver.cpp, line 766]
Event: 22.566 Thread 0x00000217cec1f4f0 Exception <a 'java/lang/NoSuchMethodError'{0x0000000082f56278}: 'int java.lang.invoke.DirectMethodHandle$Holder.invokeInterface(java.lang.Object, java.lang.Object)'> (0x0000000082f56278) 
thrown [t:\workspace\open\src\hotspot\share\interpreter\linkResolver.cpp, line 766]
Event: 22.573 Thread 0x00000217cec1f4f0 Exception <a 'java/lang/NoSuchMethodError'{0x0000000082f7fe00}: 'java.lang.Object java.lang.invoke.DirectMethodHandle$Holder.newInvokeSpecial(java.lang.Object, java.lang.Object, int, java.lang.Object)'> (0x0000000082f7fe00) 
thrown [t:\workspace\open\src\hotspot\share\interpreter\linkResolver.cpp, line 766]
Event: 22.599 Thread 0x00000217cec1f4f0 Exception <a 'java/lang/NoSuchMethodError'{0x0000000082f849d8}: 'java.lang.Object java.lang.invoke.DirectMethodHandle$Holder.invokeSpecial(java.lang.Object, java.lang.Object, java.lang.Object, int, java.lang.Object)'> (0x0000000082f849d8) 
thrown [t:\workspace\open\src\hotspot\share\interpreter\linkResolver.cpp, line 766]
Event: 23.103 Thread 0x00000217cec1f4f0 Exception <a 'java/lang/NoSuchMethodError'{0x0000000082b8d2c8}: 'java.lang.Object java.lang.invoke.DirectMethodHandle$Holder.invokeSpecial(java.lang.Object, java.lang.Object, java.lang.Object, int, java.lang.Object, java.lang.Object)'> (0x0000000082b8d2c8) 
thrown [t:\workspace\open\src\hotspot\share\interpreter\linkResolver.cpp, line 766]
Event: 23.401 Thread 0x00000217cec1f4f0 Implicit null exception at 0x00000217be8961a0 to 0x00000217be8966b0
Event: 23.527 Thread 0x00000217cec1f4f0 Exception <a 'java/lang/NoSuchMethodError'{0x0000000082590e90}: 'void java.lang.invoke.DirectMethodHandle$Holder.invokeStaticInit(java.lang.Object, java.lang.Object, java.lang.Object)'> (0x0000000082590e90) 
thrown [t:\workspace\open\src\hotspot\share\interpreter\linkResolver.cpp, line 766]
Event: 23.565 Thread 0x00000217cec1f4f0 Exception <a 'java/lang/NoSuchMethodError'{0x0000000082598330}: 'void java.lang.invoke.DirectMethodHandle$Holder.invokeStaticInit(java.lang.Object, java.lang.Object, java.lang.Object, java.lang.Object)'> (0x0000000082598330) 
thrown [t:\workspace\open\src\hotspot\share\interpreter\linkResolver.cpp, line 766]
Event: 23.568 Thread 0x00000217cec1f4f0 Exception <a 'java/lang/NoSuchMethodError'{0x00000000825ba8a0}: 'void java.lang.invoke.DirectMethodHandle$Holder.invokeStaticInit(java.lang.Object, java.lang.Object, java.lang.Object, java.lang.Object, java.lang.Object)'> (0x00000000825ba8a0) 
thrown [t:\workspace\open\src\hotspot\share\interpreter\linkResolver.cpp, line 766]
Event: 23.586 Thread 0x00000217cec1f4f0 Exception <a 'java/lang/NoSuchMethodError'{0x0000000082416320}: 'int java.lang.invoke.DirectMethodHandle$Holder.invokeStaticInit(java.lang.Object, java.lang.Object, java.lang.Object, java.lang.Object)'> (0x0000000082416320) 
thrown [t:\workspace\open\src\hotspot\share\interpreter\linkResolver.cpp, line 766]
Event: 24.656 Thread 0x00000217cec1f4f0 Exception <a 'java/lang/ClassNotFoundException'{0x0000000084ac0530}: groovy/lang/ExpandoMetaClassBeanInfo> (0x0000000084ac0530) 
thrown [t:\workspace\open\src\hotspot\share\classfile\systemDictionary.cpp, line 256]
Event: 24.658 Thread 0x00000217cec1f4f0 Exception <a 'java/lang/ClassNotFoundException'{0x0000000084ad7168}: groovy/lang/MetaClassImplBeanInfo> (0x0000000084ad7168) 
thrown [t:\workspace\open\src\hotspot\share\classfile\systemDictionary.cpp, line 256]
Event: 24.658 Thread 0x00000217cec1f4f0 Exception <a 'java/lang/ClassNotFoundException'{0x0000000084adc820}: java/lang/ObjectBeanInfo> (0x0000000084adc820) 
thrown [t:\workspace\open\src\hotspot\share\classfile\systemDictionary.cpp, line 256]
Event: 24.659 Thread 0x00000217cec1f4f0 Exception <a 'java/lang/ClassNotFoundException'{0x0000000084ae2bc0}: java/lang/ObjectCustomizer> (0x0000000084ae2bc0) 
thrown [t:\workspace\open\src\hotspot\share\classfile\systemDictionary.cpp, line 256]
Event: 24.670 Thread 0x00000217cec1f4f0 Exception <a 'java/lang/IncompatibleClassChangeError'{0x0000000084af2658}: Found class java.lang.Object, but interface was expected> (0x0000000084af2658) 
thrown [t:\workspace\open\src\hotspot\share\interpreter\linkResolver.cpp, line 833]
Event: 24.677 Thread 0x00000217cec1f4f0 Exception <a 'java/lang/ClassNotFoundException'{0x0000000084918310}: groovy/lang/MetaClassImplCustomizer> (0x0000000084918310) 
thrown [t:\workspace\open\src\hotspot\share\classfile\systemDictionary.cpp, line 256]
Event: 24.767 Thread 0x00000217cec1f4f0 Exception <a 'java/lang/ClassNotFoundException'{0x000000008494e5a8}: groovy/lang/ExpandoMetaClassCustomizer> (0x000000008494e5a8) 
thrown [t:\workspace\open\src\hotspot\share\classfile\systemDictionary.cpp, line 256]

VM Operations (20 events):
Event: 21.711 Executing VM operation: HandshakeAllThreads
Event: 21.711 Executing VM operation: HandshakeAllThreads done
Event: 21.711 Executing VM operation: Cleanup
Event: 21.711 Executing VM operation: Cleanup done
Event: 22.675 Executing VM operation: HandshakeAllThreads
Event: 22.676 Executing VM operation: HandshakeAllThreads done
Event: 22.912 Executing VM operation: HandshakeAllThreads
Event: 22.913 Executing VM operation: HandshakeAllThreads done
Event: 22.913 Executing VM operation: Cleanup
Event: 22.913 Executing VM operation: Cleanup done
Event: 23.388 Executing VM operation: HandshakeAllThreads
Event: 23.388 Executing VM operation: HandshakeAllThreads done
Event: 24.079 Executing VM operation: G1CollectForAllocation
Event: 24.088 Executing VM operation: G1CollectForAllocation done
Event: 24.183 Executing VM operation: HandshakeAllThreads
Event: 24.183 Executing VM operation: HandshakeAllThreads done
Event: 24.310 Executing VM operation: HandshakeAllThreads
Event: 24.310 Executing VM operation: HandshakeAllThreads done
Event: 24.479 Executing VM operation: HandshakeAllThreads
Event: 24.479 Executing VM operation: HandshakeAllThreads done

Events (20 events):
Event: 24.669 loading class com/sun/beans/WeakCache
Event: 24.669 loading class com/sun/beans/WeakCache done
Event: 24.671 loading class com/sun/beans/introspect/EventSetInfo
Event: 24.671 loading class com/sun/beans/introspect/EventSetInfo done
Event: 24.671 loading class com/sun/beans/introspect/PropertyInfo
Event: 24.672 loading class com/sun/beans/introspect/PropertyInfo done
Event: 24.673 loading class com/sun/beans/WildcardTypeImpl
Event: 24.673 loading class com/sun/beans/WildcardTypeImpl done
Event: 24.673 loading class java/beans/BeanProperty
Event: 24.673 loading class java/beans/BeanProperty done
Event: 24.674 loading class com/sun/beans/introspect/PropertyInfo$Name
Event: 24.674 loading class com/sun/beans/introspect/PropertyInfo$Name done
Event: 24.674 loading class java/beans/IndexedPropertyDescriptor
Event: 24.675 loading class java/beans/IndexedPropertyDescriptor done
Event: 24.675 loading class java/beans/GenericBeanInfo
Event: 24.675 loading class java/beans/SimpleBeanInfo
Event: 24.676 loading class java/beans/SimpleBeanInfo done
Event: 24.676 loading class java/beans/GenericBeanInfo done
Event: 24.680 loading class java/util/Hashtable$EntrySet
Event: 24.681 loading class java/util/Hashtable$EntrySet done


Dynamic libraries:
0x00007ff683e00000 - 0x00007ff683e10000 	C:\Program Files\Java\jdk-17.0.3.1\bin\java.exe
0x00007ffe7b0f0000 - 0x00007ffe7b2e8000 	C:\WINDOWS\SYSTEM32\ntdll.dll
0x00007ffe79190000 - 0x00007ffe7924d000 	C:\WINDOWS\System32\KERNEL32.DLL
0x00007ffe78a30000 - 0x00007ffe78d26000 	C:\WINDOWS\System32\KERNELBASE.dll
0x00007ffe78f90000 - 0x00007ffe79090000 	C:\WINDOWS\System32\ucrtbase.dll
0x00007ffe6bb30000 - 0x00007ffe6bb48000 	C:\Program Files\Java\jdk-17.0.3.1\bin\jli.dll
0x00007ffe7aff0000 - 0x00007ffe7b0a3000 	C:\WINDOWS\System32\ADVAPI32.dll
0x00007ffe7a130000 - 0x00007ffe7a1ce000 	C:\WINDOWS\System32\msvcrt.dll
0x00007ffe7a260000 - 0x00007ffe7a2ff000 	C:\WINDOWS\System32\sechost.dll
0x00007ffe795c0000 - 0x00007ffe796e6000 	C:\WINDOWS\System32\RPCRT4.dll
0x00007ffe78d30000 - 0x00007ffe78d57000 	C:\WINDOWS\System32\bcrypt.dll
0x00007ffe79f10000 - 0x00007ffe7a0ae000 	C:\WINDOWS\System32\USER32.dll
0x00007ffe78f60000 - 0x00007ffe78f82000 	C:\WINDOWS\System32\win32u.dll
0x00007ffe79140000 - 0x00007ffe7916c000 	C:\WINDOWS\System32\GDI32.dll
0x00007ffe787c0000 - 0x00007ffe788da000 	C:\WINDOWS\System32\gdi32full.dll
0x00007ffe78d60000 - 0x00007ffe78dfd000 	C:\WINDOWS\System32\msvcp_win.dll
0x00007ffe71e20000 - 0x00007ffe71e3a000 	C:\Program Files\Java\jdk-17.0.3.1\bin\VCRUNTIME140.dll
0x00007ffe6e260000 - 0x00007ffe6e26a000 	C:\WINDOWS\SYSTEM32\VERSION.dll
0x00007ffe618d0000 - 0x00007ffe61b6a000 	C:\WINDOWS\WinSxS\amd64_microsoft.windows.common-controls_6595b64144ccf1df_6.0.19041.3636_none_60b6a03d71f818d5\COMCTL32.dll
0x00007ffe79dc0000 - 0x00007ffe79df0000 	C:\WINDOWS\System32\IMM32.DLL
0x00007ffe71ec0000 - 0x00007ffe71ecc000 	C:\Program Files\Java\jdk-17.0.3.1\bin\vcruntime140_1.dll
0x00007ffe4f880000 - 0x00007ffe4f90d000 	C:\Program Files\Java\jdk-17.0.3.1\bin\msvcp140.dll
0x00007ffe1af00000 - 0x00007ffe1bac0000 	C:\Program Files\Java\jdk-17.0.3.1\bin\server\jvm.dll
0x00007ffe79250000 - 0x00007ffe79258000 	C:\WINDOWS\System32\PSAPI.DLL
0x00007ffe58b80000 - 0x00007ffe58b89000 	C:\WINDOWS\SYSTEM32\WSOCK32.dll
0x00007ffe7a470000 - 0x00007ffe7a4db000 	C:\WINDOWS\System32\WS2_32.dll
0x00007ffe65130000 - 0x00007ffe65157000 	C:\WINDOWS\SYSTEM32\WINMM.dll
0x00007ffe76fb0000 - 0x00007ffe76fc2000 	C:\WINDOWS\SYSTEM32\kernel.appcore.dll
0x00007ffe71070000 - 0x00007ffe7107a000 	C:\Program Files\Java\jdk-17.0.3.1\bin\jimage.dll
0x00007ffe76cd0000 - 0x00007ffe76eb4000 	C:\WINDOWS\SYSTEM32\DBGHELP.DLL
0x00007ffe6dd50000 - 0x00007ffe6dd84000 	C:\WINDOWS\SYSTEM32\dbgcore.DLL
0x00007ffe789a0000 - 0x00007ffe78a22000 	C:\WINDOWS\System32\bcryptPrimitives.dll
0x00007ffe72ff0000 - 0x00007ffe72ffe000 	C:\Program Files\Java\jdk-17.0.3.1\bin\instrument.dll
0x00007ffe525c0000 - 0x00007ffe525e5000 	C:\Program Files\Java\jdk-17.0.3.1\bin\java.dll
0x00007ffe4c440000 - 0x00007ffe4c516000 	C:\Program Files\Java\jdk-17.0.3.1\bin\jsvml.dll
0x00007ffe7a690000 - 0x00007ffe7add5000 	C:\WINDOWS\System32\SHELL32.dll
0x00007ffe76470000 - 0x00007ffe76c0b000 	C:\WINDOWS\SYSTEM32\windows.storage.dll
0x00007ffe79260000 - 0x00007ffe795b4000 	C:\WINDOWS\System32\combase.dll
0x00007ffe78110000 - 0x00007ffe7813d000 	C:\WINDOWS\SYSTEM32\Wldp.dll
0x00007ffe7ade0000 - 0x00007ffe7ae8d000 	C:\WINDOWS\System32\SHCORE.dll
0x00007ffe7a360000 - 0x00007ffe7a3b5000 	C:\WINDOWS\System32\shlwapi.dll
0x00007ffe786f0000 - 0x00007ffe78715000 	C:\WINDOWS\SYSTEM32\profapi.dll
0x00007ffe515c0000 - 0x00007ffe515d8000 	C:\Program Files\Java\jdk-17.0.3.1\bin\zip.dll
0x00007ffe55930000 - 0x00007ffe55949000 	C:\Program Files\Java\jdk-17.0.3.1\bin\net.dll
0x00007ffe6f550000 - 0x00007ffe6f65a000 	C:\WINDOWS\SYSTEM32\WINHTTP.dll
0x00007ffe77ef0000 - 0x00007ffe77f5a000 	C:\WINDOWS\system32\mswsock.dll
0x00007ffe52a30000 - 0x00007ffe52a46000 	C:\Program Files\Java\jdk-17.0.3.1\bin\nio.dll
0x00007ffe71eb0000 - 0x00007ffe71ec0000 	C:\Program Files\Java\jdk-17.0.3.1\bin\verify.dll
0x00007ffe4fad0000 - 0x00007ffe4faf7000 	C:\Users\Lenovo\.gradle\native\68d5fa5c4cc2d200863cafc0d521ce42e7d3e7ee720ec0a83991735586a16f82\windows-amd64\native-platform.dll
0x00007ffe28930000 - 0x00007ffe28a74000 	C:\Users\Lenovo\.gradle\native\e376f236ea51e6404a007f0833ffe2c6e607c4080706a723a18a27aeea778392\windows-amd64\native-platform-file-events.dll
0x00007ffe6ee60000 - 0x00007ffe6ee69000 	C:\Program Files\Java\jdk-17.0.3.1\bin\management.dll
0x00007ffe6ea30000 - 0x00007ffe6ea3b000 	C:\Program Files\Java\jdk-17.0.3.1\bin\management_ext.dll
0x00007ffe78150000 - 0x00007ffe78168000 	C:\WINDOWS\SYSTEM32\CRYPTSP.dll
0x00007ffe777d0000 - 0x00007ffe77804000 	C:\WINDOWS\system32\rsaenh.dll
0x00007ffe78670000 - 0x00007ffe7869e000 	C:\WINDOWS\SYSTEM32\USERENV.dll
0x00007ffe78080000 - 0x00007ffe7808c000 	C:\WINDOWS\SYSTEM32\CRYPTBASE.dll
0x00007ffe77bb0000 - 0x00007ffe77beb000 	C:\WINDOWS\SYSTEM32\IPHLPAPI.DLL
0x00007ffe7a0b0000 - 0x00007ffe7a0b8000 	C:\WINDOWS\System32\NSI.dll
0x00007ffe70bd0000 - 0x00007ffe70be7000 	C:\WINDOWS\SYSTEM32\dhcpcsvc6.DLL
0x00007ffe70bb0000 - 0x00007ffe70bcd000 	C:\WINDOWS\SYSTEM32\dhcpcsvc.DLL
0x00007ffe77bf0000 - 0x00007ffe77cba000 	C:\WINDOWS\SYSTEM32\DNSAPI.dll
0x00007ffe6ce90000 - 0x00007ffe6ce9e000 	C:\Program Files\Java\jdk-17.0.3.1\bin\sunmscapi.dll
0x00007ffe78e00000 - 0x00007ffe78f5d000 	C:\WINDOWS\System32\CRYPT32.dll
0x00007ffe78260000 - 0x00007ffe78288000 	C:\WINDOWS\SYSTEM32\ncrypt.dll
0x00007ffe78220000 - 0x00007ffe7825b000 	C:\WINDOWS\SYSTEM32\NTASN1.dll
0x00007ffe6c2b0000 - 0x00007ffe6c2b7000 	C:\WINDOWS\system32\wshunix.dll

dbghelp: loaded successfully - version: 4.0.5 - missing functions: none
symbol engine: initialized successfully - sym options: 0x614 - pdb path: .;C:\Program Files\Java\jdk-17.0.3.1\bin;C:\WINDOWS\SYSTEM32;C:\WINDOWS\WinSxS\amd64_microsoft.windows.common-controls_6595b64144ccf1df_6.0.19041.3636_none_60b6a03d71f818d5;C:\Program Files\Java\jdk-17.0.3.1\bin\server;C:\Users\Lenovo\.gradle\native\68d5fa5c4cc2d200863cafc0d521ce42e7d3e7ee720ec0a83991735586a16f82\windows-amd64;C:\Users\Lenovo\.gradle\native\e376f236ea51e6404a007f0833ffe2c6e607c4080706a723a18a27aeea778392\windows-amd64

VM Arguments:
jvm_args: -XX:MaxMetaspaceSize=512m --add-opens=java.base/java.util=ALL-UNNAMED --add-opens=java.base/java.lang=ALL-UNNAMED --add-opens=java.base/java.lang.invoke=ALL-UNNAMED --add-opens=java.prefs/java.util.prefs=ALL-UNNAMED --add-opens=java.base/java.nio.charset=ALL-UNNAMED --add-opens=java.base/java.net=ALL-UNNAMED --add-opens=java.base/java.util.concurrent.atomic=ALL-UNNAMED -Xmx2048m -Dfile.encoding=utf8 -Duser.country=RU -Duser.language=ru -Duser.variant -javaagent:C:\Users\Lenovo\.gradle\wrapper\dists\gradle-8.3-all\6en3ugtfdg5xnpx44z4qbwgas\gradle-8.3\lib\agents\gradle-instrumentation-agent-8.3.jar 
java_command: org.gradle.launcher.daemon.bootstrap.GradleDaemon 8.3
java_class_path (initial): C:\Users\Lenovo\.gradle\wrapper\dists\gradle-8.3-all\6en3ugtfdg5xnpx44z4qbwgas\gradle-8.3\lib\gradle-launcher-8.3.jar
Launcher Type: SUN_STANDARD

[Global flags]
     intx CICompilerCount                          = 4                                         {product} {ergonomic}
   size_t CompressedClassSpaceSize                 = 432013312                                 {product} {ergonomic}
     uint ConcGCThreads                            = 2                                         {product} {ergonomic}
     uint G1ConcRefinementThreads                  = 8                                         {product} {ergonomic}
   size_t G1HeapRegionSize                         = 1048576                                   {product} {ergonomic}
    uintx GCDrainStackTargetSize                   = 64                                        {product} {ergonomic}
   size_t InitialHeapSize                          = 134217728                                 {product} {ergonomic}
   size_t MarkStackSize                            = 4194304                                   {product} {ergonomic}
   size_t MaxHeapSize                              = 2147483648                                {product} {command line}
   size_t MaxMetaspaceSize                         = 536870912                                 {product} {command line}
   size_t MaxNewSize                               = 1287651328                                {product} {ergonomic}
   size_t MinHeapDeltaBytes                        = 1048576                                   {product} {ergonomic}
   size_t MinHeapSize                              = 8388608                                   {product} {ergonomic}
    uintx NonNMethodCodeHeapSize                   = 5839372                                {pd product} {ergonomic}
    uintx NonProfiledCodeHeapSize                  = 122909434                              {pd product} {ergonomic}
    uintx ProfiledCodeHeapSize                     = 122909434                              {pd product} {ergonomic}
    uintx ReservedCodeCacheSize                    = 251658240                              {pd product} {ergonomic}
     bool SegmentedCodeCache                       = true                                      {product} {ergonomic}
   size_t SoftMaxHeapSize                          = 2147483648                             {manageable} {ergonomic}
     bool UseCompressedClassPointers               = true                           {product lp64_product} {ergonomic}
     bool UseCompressedOops                        = true                           {product lp64_product} {ergonomic}
     bool UseG1GC                                  = true                                      {product} {ergonomic}
     bool UseLargePagesIndividualAllocation        = false                                  {pd product} {ergonomic}

Logging:
Log output configuration:
 #0: stdout all=warning uptime,level,tags
 #1: stderr all=off uptime,level,tags

Environment Variables:
JAVA_HOME=C:\Program Files\Java\jdk-17.0.3.1
PATH=C:\Program Files\Eclipse Foundation\jdk-8.0.302.8-hotspot\bin;C:\Ruby30-x64\bin;C:\Program Files\Common Files\Oracle\Java\javapath;C:\Program Files (x86)\Common Files\Oracle\Java\javapath;C:\WINDOWS\system32;C:\WINDOWS;C:\WINDOWS\System32\Wbem;C:\WINDOWS\System32\WindowsPowerShell\v1.0\;C:\WINDOWS\System32\OpenSSH\;C:\Program Files\Microsoft SQL Server\130\Tools\Binn\;C:\Program Files\Microsoft SQL Server\Client SDK\ODBC\170\Tools\Binn\;C:\Program Files\dotnet\;C:\Users\Lenovo\OneDrive\ \jdk1.8.0_221_x64\bin;C:\Program Files\Polyspace\R2021a\bin;C:\Program Files\Microsoft SQL Server\Client SDK\ODBC\110\Tools\Binn\;C:\Program Files (x86)\Microsoft SQL Server\120\Tools\Binn\;C:\Program Files\Microsoft SQL Server\120\Tools\Binn\;C:\Program Files\Microsoft SQL Server\120\DTS\Binn\;C:\Program Files (x86)\Windows Kits\8.1\Windows Performance Toolkit\;C:\Program Files\Git\cmd;C:\Users\Lenovo\AppData\Local\Android\Sdk\platform-tools;C:\Program Files (x86)\Yarn\bin\;C:\Users\Lenovo\AppData\Roaming\nvm;C:\Program Files\nodejs;C:\Users\Lenovo\AppData\Local\Android\Sdk\platform-tools;C:\Users\Lenovo\AppData\Local\Programs\Python\Python310\Scripts\;C:\Users\Lenovo\AppData\Local\Programs\Python\Python310\;C:\Program Files\MySQL\MySQL Shell 8.0\bin\;C:\Users\Lenovo\AppData\Local\Microsoft\WindowsApps;C:\Users\Lenovo\.dotnet\tools;C:\Users\Lenovo\AppData\Local\Programs\Microsoft VS Code\bin;C:\Users\Lenovo\AppData\Local\GitHubDesktop\bin;C:\Users\Lenovo\AppData\Roaming\npm;C:\Users\Lenovo\AppData\Local\Yarn\bin;C:\Users\Lenovo\AppData\Roaming\nvm;C:\Program Files\nodejs;
USERNAME=Lenovo
OS=Windows_NT
PROCESSOR_IDENTIFIER=Intel64 Family 6 Model 158 Stepping 13, GenuineIntel



---------------  S Y S T E M  ---------------

OS:
 Windows 10 , 64 bit Build 19041 (10.0.19041.3636)
OS uptime: 16 days 13:01 hours
Hyper-V role detected

CPU: total 8 (initial active 8) (4 cores per cpu, 2 threads per core) family 6 model 158 stepping 13 microcode 0xf0, cx8, cmov, fxsr, ht, mmx, 3dnowpref, sse, sse2, sse3, ssse3, sse4.1, sse4.2, popcnt, lzcnt, tsc, tscinvbit, avx, avx2, aes, erms, clmul, bmi1, bmi2, adx, fma, vzeroupper, clflush, clflushopt, hv

Memory: 4k page, system-wide physical 8103M (80M free)
TotalPageFile size 32679M (AvailPageFile size 3M)
current process WorkingSet (physical memory assigned to process): 190M, peak: 200M
current process commit charge ("private bytes"): 240M, peak: 283M

vm_info: Java HotSpot(TM) 64-Bit Server VM (17.0.3.1+2-LTS-6) for windows-amd64 JRE (17.0.3.1+2-LTS-6), built on Apr 25 2022 22:04:21 by "mach5one" with MS VC++ 16.8 / 16.9 (VS2019)

END.
