#
# There is insufficient memory for the Java Runtime Environment to continue.
# Native memory allocation (malloc) failed to allocate 606016 bytes for Chunk::new
# Possible reasons:
#   The system is out of physical RAM or swap space
#   The process is running with CompressedOops enabled, and the Java Heap may be blocking the growth of the native heap
# Possible solutions:
#   Reduce memory load on the system
#   Increase physical memory or swap space
#   Check if swap backing store is full
#   Decrease Java heap size (-Xmx/-Xms)
#   Decrease number of Java threads
#   Decrease Java thread stack sizes (-Xss)
#   Set larger code cache with -XX:ReservedCodeCacheSize=
#   JVM is running with Unscaled Compressed Oops mode in which the Java heap is
#     placed in the first 4GB address space. The Java Heap base address is the
#     maximum limit for the native heap growth. Please use -XX:HeapBaseMinAddress
#     to set the Java Heap base and to place the Java Heap above 4GB virtual address.
# This output file may be truncated or incomplete.
#
#  Out of Memory Error (arena.cpp:189), pid=34172, tid=12440
#
# JRE version: Java(TM) SE Runtime Environment (17.0.3.1+2) (build 17.0.3.1+2-LTS-6)
# Java VM: Java HotSpot(TM) 64-Bit Server VM (17.0.3.1+2-LTS-6, mixed mode, sharing, tiered, compressed oops, compressed class ptrs, g1 gc, windows-amd64)
# No core dump will be written. Minidumps are not enabled by default on client versions of Windows
#

---------------  S U M M A R Y ------------

Command Line: -XX:MaxMetaspaceSize=512m --add-opens=java.base/java.util=ALL-UNNAMED --add-opens=java.base/java.lang=ALL-UNNAMED --add-opens=java.base/java.lang.invoke=ALL-UNNAMED --add-opens=java.prefs/java.util.prefs=ALL-UNNAMED --add-opens=java.base/java.nio.charset=ALL-UNNAMED --add-opens=java.base/java.net=ALL-UNNAMED --add-opens=java.base/java.util.concurrent.atomic=ALL-UNNAMED -Xmx2048m -Dfile.encoding=windows-1251 -Duser.country=RU -Duser.language=ru -Duser.variant -javaagent:C:\Users\Lenovo\.gradle\wrapper\dists\gradle-8.3-all\6en3ugtfdg5xnpx44z4qbwgas\gradle-8.3\lib\agents\gradle-instrumentation-agent-8.3.jar org.gradle.launcher.daemon.bootstrap.GradleDaemon 8.3

Host: Intel(R) Core(TM) i5-9300HF CPU @ 2.40GHz, 8 cores, 7G,  Windows 10 , 64 bit Build 19041 (10.0.19041.3636)
Time: Sat Jan 27 17:06:08 2024  Windows 10 , 64 bit Build 19041 (10.0.19041.3636) elapsed time: 45.871361 seconds (0d 0h 0m 45s)

---------------  T H R E A D  ---------------

Current thread (0x0000018c7b8ad3f0):  JavaThread "C2 CompilerThread0" daemon [_thread_in_native, id=12440, stack(0x0000004550500000,0x0000004550600000)]


Current CompileTask:
C2:  45871 7105 %     4       org.gradle.internal.instantiation.generator.AbstractClassGenerator::inspectType @ 250 (560 bytes)

Stack: [0x0000004550500000,0x0000004550600000]
Native frames: (J=compiled Java code, j=interpreted, Vv=VM code, C=native code)
V  [jvm.dll+0x6711ba]
V  [jvm.dll+0x7d0834]
V  [jvm.dll+0x7d1fde]
V  [jvm.dll+0x7d2643]
V  [jvm.dll+0x242c85]
V  [jvm.dll+0xaa57b]
V  [jvm.dll+0xaab0c]
V  [jvm.dll+0x2a99df]
V  [jvm.dll+0x579889]
V  [jvm.dll+0x21defd]
V  [jvm.dll+0x21741f]
V  [jvm.dll+0x21507b]
V  [jvm.dll+0x1a1c3d]
V  [jvm.dll+0x2249c8]
V  [jvm.dll+0x222b2c]
V  [jvm.dll+0x78650b]
V  [jvm.dll+0x780aca]
V  [jvm.dll+0x670045]
C  [ucrtbase.dll+0x21bb2]
C  [KERNEL32.DLL+0x17344]
C  [ntdll.dll+0x526b1]


---------------  P R O C E S S  ---------------

Threads class SMR info:
_java_thread_list=0x0000018c7cd6de80, length=56, elements={
0x0000018c5d6f5380, 0x0000018c7b897bb0, 0x0000018c7b898a20, 0x0000018c7b8aa950,
0x0000018c7b8ab300, 0x0000018c7b8abcb0, 0x0000018c7b8ac660, 0x0000018c7b8ad3f0,
0x0000018c7b8b3ec0, 0x0000018c7b8b58c0, 0x0000018c7c45ed90, 0x0000018c7c5952f0,
0x0000018c7d3b5d10, 0x0000018c7dba68b0, 0x0000018c7ceb3fe0, 0x0000018c7d456f10,
0x0000018c7d9f9850, 0x0000018c7de21bc0, 0x0000018c7d8054c0, 0x0000018c7cfc75e0,
0x0000018c7cfc9c60, 0x0000018c7cfc62a0, 0x0000018c7cfc6770, 0x0000018c7cfc92c0,
0x0000018c7cfc9790, 0x0000018c7cfc6c40, 0x0000018c7cfc7110, 0x0000018c7cfc7ab0,
0x0000018c7cfc8df0, 0x0000018c7cfc7f80, 0x0000018c7cfc8920, 0x0000018c7ef98ef0,
0x0000018c7ef99890, 0x0000018c7ef9abd0, 0x0000018c7ef946c0, 0x0000018c7ef98080,
0x0000018c7ef93d20, 0x0000018c7ef93850, 0x0000018c7ef95530, 0x0000018c7ef993c0,
0x0000018c7ef99d60, 0x0000018c7ef94b90, 0x0000018c7ef95ed0, 0x0000018c7ef95060,
0x0000018c7ef95a00, 0x0000018c7ef96d40, 0x0000018c7ef97210, 0x0000018c7ef976e0,
0x0000018c7ef97bb0, 0x0000018c7ef98550, 0x0000018c7ef98a20, 0x0000018c7de19c80,
0x0000018c7de1aaf0, 0x0000018c7de1a150, 0x0000018c7de1f320, 0x0000018c7de1c7d0
}

Java Threads: ( => current thread )
  0x0000018c5d6f5380 JavaThread "main" [_thread_blocked, id=20700, stack(0x000000454f800000,0x000000454f900000)]
  0x0000018c7b897bb0 JavaThread "Reference Handler" daemon [_thread_blocked, id=18724, stack(0x000000454ff00000,0x0000004550000000)]
  0x0000018c7b898a20 JavaThread "Finalizer" daemon [_thread_blocked, id=31160, stack(0x0000004550000000,0x0000004550100000)]
  0x0000018c7b8aa950 JavaThread "Signal Dispatcher" daemon [_thread_blocked, id=36984, stack(0x0000004550100000,0x0000004550200000)]
  0x0000018c7b8ab300 JavaThread "Attach Listener" daemon [_thread_blocked, id=28948, stack(0x0000004550200000,0x0000004550300000)]
  0x0000018c7b8abcb0 JavaThread "Service Thread" daemon [_thread_blocked, id=25872, stack(0x0000004550300000,0x0000004550400000)]
  0x0000018c7b8ac660 JavaThread "Monitor Deflation Thread" daemon [_thread_blocked, id=15912, stack(0x0000004550400000,0x0000004550500000)]
=>0x0000018c7b8ad3f0 JavaThread "C2 CompilerThread0" daemon [_thread_in_native, id=12440, stack(0x0000004550500000,0x0000004550600000)]
  0x0000018c7b8b3ec0 JavaThread "C1 CompilerThread0" daemon [_thread_blocked, id=35484, stack(0x0000004550600000,0x0000004550700000)]
  0x0000018c7b8b58c0 JavaThread "Sweeper thread" daemon [_thread_blocked, id=24028, stack(0x0000004550700000,0x0000004550800000)]
  0x0000018c7c45ed90 JavaThread "Common-Cleaner" daemon [_thread_blocked, id=37192, stack(0x0000004550800000,0x0000004550900000)]
  0x0000018c7c5952f0 JavaThread "Notification Thread" daemon [_thread_blocked, id=32884, stack(0x0000004550900000,0x0000004550a00000)]
  0x0000018c7d3b5d10 JavaThread "Daemon health stats" [_thread_blocked, id=21300, stack(0x0000004550f00000,0x0000004551000000)]
  0x0000018c7dba68b0 JavaThread "Incoming local TCP Connector on port 61181" [_thread_in_native, id=28752, stack(0x0000004551000000,0x0000004551100000)]
  0x0000018c7ceb3fe0 JavaThread "Daemon periodic checks" [_thread_blocked, id=36140, stack(0x0000004551100000,0x0000004551200000)]
  0x0000018c7d456f10 JavaThread "Daemon" [_thread_blocked, id=12744, stack(0x0000004551200000,0x0000004551300000)]
  0x0000018c7d9f9850 JavaThread "Handler for socket connection from /127.0.0.1:61181 to /127.0.0.1:61184" [_thread_in_native, id=24928, stack(0x0000004551300000,0x0000004551400000)]
  0x0000018c7de21bc0 JavaThread "Cancel handler" [_thread_blocked, id=37412, stack(0x0000004551400000,0x0000004551500000)]
  0x0000018c7d8054c0 JavaThread "Daemon worker" [_thread_in_vm, id=35056, stack(0x0000004551500000,0x0000004551600000)]
  0x0000018c7cfc75e0 JavaThread "Asynchronous log dispatcher for DefaultDaemonConnection: socket connection from /127.0.0.1:61181 to /127.0.0.1:61184" [_thread_blocked, id=37364, stack(0x0000004551600000,0x0000004551700000)]
  0x0000018c7cfc9c60 JavaThread "Stdin handler" [_thread_blocked, id=32484, stack(0x0000004551700000,0x0000004551800000)]
  0x0000018c7cfc62a0 JavaThread "Daemon client event forwarder" [_thread_blocked, id=14624, stack(0x0000004551800000,0x0000004551900000)]
  0x0000018c7cfc6770 JavaThread "Cache worker for journal cache (C:\Users\Lenovo\.gradle\caches\journal-1)" [_thread_blocked, id=21856, stack(0x0000004551900000,0x0000004551a00000)]
  0x0000018c7cfc92c0 JavaThread "File lock request listener" [_thread_in_native, id=35216, stack(0x0000004551a00000,0x0000004551b00000)]
  0x0000018c7cfc9790 JavaThread "Cache worker for file hash cache (C:\Users\Lenovo\.gradle\caches\8.3\fileHashes)" [_thread_blocked, id=22128, stack(0x0000004551b00000,0x0000004551c00000)]
  0x0000018c7cfc6c40 JavaThread "File watcher server" daemon [_thread_in_native, id=16612, stack(0x0000004551f00000,0x0000004552000000)]
  0x0000018c7cfc7110 JavaThread "File watcher consumer" daemon [_thread_blocked, id=10660, stack(0x0000004552000000,0x0000004552100000)]
  0x0000018c7cfc7ab0 JavaThread "Cache worker for checksums cache (C:\Users\Lenovo\CoffeWakeTestApp\android\.gradle\8.3\checksums)" [_thread_blocked, id=28904, stack(0x0000004552100000,0x0000004552200000)]
  0x0000018c7cfc8df0 JavaThread "Cache worker for file hash cache (C:\Users\Lenovo\CoffeWakeTestApp\android\.gradle\8.3\fileHashes)" [_thread_blocked, id=30976, stack(0x0000004552200000,0x0000004552300000)]
  0x0000018c7cfc7f80 JavaThread "Cache worker for cache directory md-supplier (C:\Users\Lenovo\.gradle\caches\8.3\md-supplier)" [_thread_blocked, id=25684, stack(0x0000004552300000,0x0000004552400000)]
  0x0000018c7cfc8920 JavaThread "Cache worker for file content cache (C:\Users\Lenovo\.gradle\caches\8.3\fileContent)" [_thread_blocked, id=12348, stack(0x0000004552400000,0x0000004552500000)]
  0x0000018c7ef98ef0 JavaThread "Cache worker for cache directory md-rule (C:\Users\Lenovo\.gradle\caches\8.3\md-rule)" [_thread_blocked, id=29016, stack(0x0000004552600000,0x0000004552700000)]
  0x0000018c7ef99890 JavaThread "Cache worker for execution history cache (C:\Users\Lenovo\.gradle\caches\8.3\executionHistory)" [_thread_blocked, id=33540, stack(0x0000004552700000,0x0000004552800000)]
  0x0000018c7ef9abd0 JavaThread "jar transforms" [_thread_blocked, id=39400, stack(0x0000004552900000,0x0000004552a00000)]
  0x0000018c7ef946c0 JavaThread "jar transforms Thread 2" [_thread_blocked, id=28028, stack(0x0000004552a00000,0x0000004552b00000)]
  0x0000018c7ef98080 JavaThread "jar transforms Thread 3" [_thread_blocked, id=38044, stack(0x0000004552800000,0x0000004552900000)]
  0x0000018c7ef93d20 JavaThread "jar transforms Thread 4" [_thread_blocked, id=8464, stack(0x0000004552b00000,0x0000004552c00000)]
  0x0000018c7ef93850 JavaThread "File lock release action executor" [_thread_blocked, id=6516, stack(0x0000004552c00000,0x0000004552d00000)]
  0x0000018c7ef95530 JavaThread "Cache worker for kotlin-dsl (C:\Users\Lenovo\.gradle\caches\8.3\kotlin-dsl)" [_thread_blocked, id=4260, stack(0x0000004552d00000,0x0000004552e00000)]
  0x0000018c7ef993c0 JavaThread "jar transforms Thread 5" [_thread_blocked, id=34724, stack(0x0000004552e00000,0x0000004552f00000)]
  0x0000018c7ef99d60 JavaThread "jar transforms Thread 6" [_thread_blocked, id=39800, stack(0x0000004552f00000,0x0000004553000000)]
  0x0000018c7ef94b90 JavaThread "Unconstrained build operations" [_thread_blocked, id=14644, stack(0x0000004553000000,0x0000004553100000)]
  0x0000018c7ef95ed0 JavaThread "Unconstrained build operations Thread 2" [_thread_blocked, id=13004, stack(0x0000004553100000,0x0000004553200000)]
  0x0000018c7ef95060 JavaThread "jar transforms Thread 7" [_thread_blocked, id=3104, stack(0x0000004553200000,0x0000004553300000)]
  0x0000018c7ef95a00 JavaThread "jar transforms Thread 8" [_thread_blocked, id=38344, stack(0x0000004553300000,0x0000004553400000)]
  0x0000018c7ef96d40 JavaThread "Cache worker for dependencies-accessors (C:\Users\Lenovo\CoffeWakeTestApp\android\.gradle\8.3\dependencies-accessors)" [_thread_blocked, id=12756, stack(0x0000004553400000,0x0000004553500000)]
  0x0000018c7ef97210 JavaThread "Cache worker for Build Output Cleanup Cache (C:\Users\Lenovo\CoffeWakeTestApp\node_modules\@react-native\gradle-plugin\.gradle\buildOutputCleanup)" [_thread_blocked, id=36820, stack(0x0000004553700000,0x0000004553800000)]
  0x0000018c7ef976e0 JavaThread "Unconstrained build operations Thread 3" [_thread_blocked, id=25732, stack(0x0000004553800000,0x0000004553900000)]
  0x0000018c7ef97bb0 JavaThread "Unconstrained build operations Thread 4" [_thread_blocked, id=37228, stack(0x0000004553900000,0x0000004553a00000)]
  0x0000018c7ef98550 JavaThread "Unconstrained build operations Thread 5" [_thread_blocked, id=6172, stack(0x0000004553a00000,0x0000004553b00000)]
  0x0000018c7ef98a20 JavaThread "Unconstrained build operations Thread 6" [_thread_blocked, id=20500, stack(0x0000004553b00000,0x0000004553c00000)]
  0x0000018c7de19c80 JavaThread "Unconstrained build operations Thread 7" [_thread_blocked, id=29008, stack(0x0000004553c00000,0x0000004553d00000)]
  0x0000018c7de1aaf0 JavaThread "Unconstrained build operations Thread 8" [_thread_blocked, id=31084, stack(0x0000004553d00000,0x0000004553e00000)]
  0x0000018c7de1a150 JavaThread "Unconstrained build operations Thread 9" [_thread_blocked, id=39624, stack(0x0000004553e00000,0x0000004553f00000)]
  0x0000018c7de1f320 JavaThread "Memory manager" [_thread_blocked, id=27444, stack(0x0000004553f00000,0x0000004554000000)]
  0x0000018c7de1c7d0 JavaThread "Cache worker for Build Output Cleanup Cache (C:\Users\Lenovo\CoffeWakeTestApp\android\.gradle\buildOutputCleanup)" [_thread_blocked, id=33576, stack(0x0000004554000000,0x0000004554100000)]

Other Threads:
  0x0000018c7b88ef30 VMThread "VM Thread" [stack: 0x000000454fe00000,0x000000454ff00000] [id=35200]
  0x0000018c7c5957c0 WatcherThread [stack: 0x0000004550a00000,0x0000004550b00000] [id=13052]
  0x0000018c5b57e7f0 GCTaskThread "GC Thread#0" [stack: 0x000000454f900000,0x000000454fa00000] [id=19004]
  0x0000018c7ce7f030 GCTaskThread "GC Thread#1" [stack: 0x0000004550b00000,0x0000004550c00000] [id=17508]
  0x0000018c7cef6f20 GCTaskThread "GC Thread#2" [stack: 0x0000004550c00000,0x0000004550d00000] [id=35508]
  0x0000018c7d005900 GCTaskThread "GC Thread#3" [stack: 0x0000004550d00000,0x0000004550e00000] [id=39568]
  0x0000018c7d05c100 GCTaskThread "GC Thread#4" [stack: 0x0000004550e00000,0x0000004550f00000] [id=25876]
  0x0000018c7d0505f0 GCTaskThread "GC Thread#5" [stack: 0x0000004551c00000,0x0000004551d00000] [id=39776]
  0x0000018c7e1ded70 GCTaskThread "GC Thread#6" [stack: 0x0000004551d00000,0x0000004551e00000] [id=34804]
  0x0000018c7e1de3d0 GCTaskThread "GC Thread#7" [stack: 0x0000004551e00000,0x0000004551f00000] [id=35416]
  0x0000018c5d75d230 ConcurrentGCThread "G1 Main Marker" [stack: 0x000000454fa00000,0x000000454fb00000] [id=6140]
  0x0000018c5d75db50 ConcurrentGCThread "G1 Conc#0" [stack: 0x000000454fb00000,0x000000454fc00000] [id=33516]
  0x0000018c002a8d20 ConcurrentGCThread "G1 Conc#1" [stack: 0x0000004552500000,0x0000004552600000] [id=18152]
  0x0000018c7b7460d0 ConcurrentGCThread "G1 Refine#0" [stack: 0x000000454fc00000,0x000000454fd00000] [id=29768]
  0x0000018c7b746900 ConcurrentGCThread "G1 Service" [stack: 0x000000454fd00000,0x000000454fe00000] [id=1084]

Threads with active compile tasks:
C2 CompilerThread0    45931 7105 %     4       org.gradle.internal.instantiation.generator.AbstractClassGenerator::inspectType @ 250 (560 bytes)

VM state: not at safepoint (normal execution)

VM Mutex/Monitor currently owned by a thread: None

Heap address: 0x0000000080000000, size: 2048 MB, Compressed Oops mode: 32-bit

CDS archive(s) mapped at: [0x0000000800000000-0x0000000800bc0000-0x0000000800bc0000), size 12320768, SharedBaseAddress: 0x0000000800000000, ArchiveRelocationMode: 0.
Compressed class space mapped at: 0x0000000800c00000-0x000000081a800000, reserved size: 432013312
Narrow klass base: 0x0000000800000000, Narrow klass shift: 0, Narrow klass range: 0x100000000

GC Precious Log:
 CPUs: 8 total, 8 available
 Memory: 8103M
 Large Page Support: Disabled
 NUMA Support: Disabled
 Compressed Oops: Enabled (32-bit)
 Heap Region Size: 1M
 Heap Min Capacity: 8M
 Heap Initial Capacity: 128M
 Heap Max Capacity: 2G
 Pre-touch: Disabled
 Parallel Workers: 8
 Concurrent Workers: 2
 Concurrent Refinement Workers: 8
 Periodic GC: Disabled

Heap:
 garbage-first heap   total 114688K, used 68623K [0x0000000080000000, 0x0000000100000000)
  region size 1024K, 8 young (8192K), 1 survivors (1024K)
 Metaspace       used 61815K, committed 62528K, reserved 479232K
  class space    used 8749K, committed 9088K, reserved 421888K

Heap Regions: E=young(eden), S=young(survivor), O=old, HS=humongous(starts), HC=humongous(continues), CS=collection set, F=free, OA=open archive, CA=closed archive, TAMS=top-at-mark-start (previous, next)
|   0|0x0000000080000000, 0x0000000080100000, 0x0000000080100000|100%|HS|  |TAMS 0x0000000080100000, 0x0000000080000000| Complete 
|   1|0x0000000080100000, 0x0000000080200000, 0x0000000080200000|100%|HC|  |TAMS 0x0000000080200000, 0x0000000080100000| Complete 
|   2|0x0000000080200000, 0x0000000080300000, 0x0000000080300000|100%|HC|  |TAMS 0x0000000080300000, 0x0000000080200000| Complete 
|   3|0x0000000080300000, 0x0000000080400000, 0x0000000080400000|100%|HC|  |TAMS 0x0000000080400000, 0x0000000080300000| Complete 
|   4|0x0000000080400000, 0x0000000080500000, 0x0000000080500000|100%| O|  |TAMS 0x0000000080500000, 0x0000000080400000| Untracked 
|   5|0x0000000080500000, 0x0000000080600000, 0x0000000080600000|100%| O|  |TAMS 0x0000000080600000, 0x0000000080500000| Untracked 
|   6|0x0000000080600000, 0x0000000080700000, 0x0000000080700000|100%| O|  |TAMS 0x0000000080700000, 0x0000000080600000| Untracked 
|   7|0x0000000080700000, 0x0000000080800000, 0x0000000080800000|100%| O|  |TAMS 0x0000000080800000, 0x0000000080700000| Untracked 
|   8|0x0000000080800000, 0x0000000080900000, 0x0000000080900000|100%| O|  |TAMS 0x0000000080900000, 0x0000000080800000| Untracked 
|   9|0x0000000080900000, 0x0000000080a00000, 0x0000000080a00000|100%| O|  |TAMS 0x0000000080a00000, 0x0000000080900000| Untracked 
|  10|0x0000000080a00000, 0x0000000080b00000, 0x0000000080b00000|100%| O|  |TAMS 0x0000000080b00000, 0x0000000080a00000| Untracked 
|  11|0x0000000080b00000, 0x0000000080c00000, 0x0000000080c00000|100%| O|  |TAMS 0x0000000080c00000, 0x0000000080b00000| Untracked 
|  12|0x0000000080c00000, 0x0000000080d00000, 0x0000000080d00000|100%| O|  |TAMS 0x0000000080d00000, 0x0000000080c00000| Untracked 
|  13|0x0000000080d00000, 0x0000000080e00000, 0x0000000080e00000|100%| O|  |TAMS 0x0000000080e00000, 0x0000000080d00000| Untracked 
|  14|0x0000000080e00000, 0x0000000080f00000, 0x0000000080f00000|100%| O|  |TAMS 0x0000000080f00000, 0x0000000080e00000| Untracked 
|  15|0x0000000080f00000, 0x0000000081000000, 0x0000000081000000|100%| O|  |TAMS 0x0000000081000000, 0x0000000080f00000| Untracked 
|  16|0x0000000081000000, 0x0000000081100000, 0x0000000081100000|100%| O|  |TAMS 0x0000000081100000, 0x0000000081000000| Untracked 
|  17|0x0000000081100000, 0x0000000081200000, 0x0000000081200000|100%| O|  |TAMS 0x0000000081200000, 0x0000000081100000| Untracked 
|  18|0x0000000081200000, 0x0000000081300000, 0x0000000081300000|100%| O|  |TAMS 0x0000000081300000, 0x0000000081200000| Untracked 
|  19|0x0000000081300000, 0x0000000081400000, 0x0000000081400000|100%| O|  |TAMS 0x0000000081400000, 0x0000000081300000| Untracked 
|  20|0x0000000081400000, 0x0000000081400000, 0x0000000081500000|  0%| F|  |TAMS 0x0000000081400000, 0x0000000081400000| Untracked 
|  21|0x0000000081500000, 0x0000000081600000, 0x0000000081600000|100%| O|  |TAMS 0x0000000081600000, 0x0000000081500000| Untracked 
|  22|0x0000000081600000, 0x0000000081700000, 0x0000000081700000|100%| O|  |TAMS 0x0000000081700000, 0x0000000081600000| Untracked 
|  23|0x0000000081700000, 0x0000000081800000, 0x0000000081800000|100%| O|  |TAMS 0x0000000081800000, 0x0000000081700000| Untracked 
|  24|0x0000000081800000, 0x0000000081900000, 0x0000000081900000|100%| O|  |TAMS 0x0000000081900000, 0x0000000081800000| Untracked 
|  25|0x0000000081900000, 0x0000000081a00000, 0x0000000081a00000|100%| O|  |TAMS 0x0000000081a00000, 0x0000000081900000| Untracked 
|  26|0x0000000081a00000, 0x0000000081b00000, 0x0000000081b00000|100%| O|  |TAMS 0x0000000081b00000, 0x0000000081a00000| Untracked 
|  27|0x0000000081b00000, 0x0000000081c00000, 0x0000000081c00000|100%| O|  |TAMS 0x0000000081c00000, 0x0000000081b00000| Untracked 
|  28|0x0000000081c00000, 0x0000000081d00000, 0x0000000081d00000|100%| O|  |TAMS 0x0000000081d00000, 0x0000000081c00000| Untracked 
|  29|0x0000000081d00000, 0x0000000081e00000, 0x0000000081e00000|100%| O|  |TAMS 0x0000000081e00000, 0x0000000081d00000| Untracked 
|  30|0x0000000081e00000, 0x0000000081f00000, 0x0000000081f00000|100%|HS|  |TAMS 0x0000000081f00000, 0x0000000081e00000| Complete 
|  31|0x0000000081f00000, 0x0000000082000000, 0x0000000082000000|100%|HC|  |TAMS 0x0000000082000000, 0x0000000081f00000| Complete 
|  32|0x0000000082000000, 0x0000000082100000, 0x0000000082100000|100%|HS|  |TAMS 0x0000000082100000, 0x0000000082000000| Complete 
|  33|0x0000000082100000, 0x0000000082200000, 0x0000000082200000|100%|HC|  |TAMS 0x0000000082200000, 0x0000000082100000| Complete 
|  34|0x0000000082200000, 0x0000000082300000, 0x0000000082300000|100%| O|  |TAMS 0x0000000082300000, 0x0000000082200000| Untracked 
|  35|0x0000000082300000, 0x0000000082400000, 0x0000000082400000|100%| O|  |TAMS 0x0000000082400000, 0x0000000082300000| Untracked 
|  36|0x0000000082400000, 0x0000000082500000, 0x0000000082500000|100%| O|  |TAMS 0x0000000082500000, 0x0000000082400000| Untracked 
|  37|0x0000000082500000, 0x0000000082600000, 0x0000000082600000|100%| O|  |TAMS 0x0000000082600000, 0x0000000082500000| Untracked 
|  38|0x0000000082600000, 0x0000000082700000, 0x0000000082700000|100%| O|  |TAMS 0x0000000082700000, 0x0000000082600000| Untracked 
|  39|0x0000000082700000, 0x0000000082800000, 0x0000000082800000|100%| O|  |TAMS 0x0000000082800000, 0x0000000082700000| Untracked 
|  40|0x0000000082800000, 0x0000000082900000, 0x0000000082900000|100%|HS|  |TAMS 0x0000000082900000, 0x0000000082800000| Complete 
|  41|0x0000000082900000, 0x0000000082a00000, 0x0000000082a00000|100%|HC|  |TAMS 0x0000000082a00000, 0x0000000082900000| Complete 
|  42|0x0000000082a00000, 0x0000000082b00000, 0x0000000082b00000|100%|HC|  |TAMS 0x0000000082b00000, 0x0000000082a00000| Complete 
|  43|0x0000000082b00000, 0x0000000082c00000, 0x0000000082c00000|100%|HC|  |TAMS 0x0000000082c00000, 0x0000000082b00000| Complete 
|  44|0x0000000082c00000, 0x0000000082d00000, 0x0000000082d00000|100%| O|  |TAMS 0x0000000082d00000, 0x0000000082c00000| Untracked 
|  45|0x0000000082d00000, 0x0000000082e00000, 0x0000000082e00000|100%| O|  |TAMS 0x0000000082e00000, 0x0000000082d00000| Untracked 
|  46|0x0000000082e00000, 0x0000000082f00000, 0x0000000082f00000|100%| O|  |TAMS 0x0000000082f00000, 0x0000000082e00000| Untracked 
|  47|0x0000000082f00000, 0x0000000083000000, 0x0000000083000000|100%| O|  |TAMS 0x0000000083000000, 0x0000000082f00000| Untracked 
|  48|0x0000000083000000, 0x0000000083100000, 0x0000000083100000|100%| O|  |TAMS 0x0000000083100000, 0x0000000083000000| Untracked 
|  49|0x0000000083100000, 0x0000000083200000, 0x0000000083200000|100%| O|  |TAMS 0x0000000083200000, 0x0000000083100000| Untracked 
|  50|0x0000000083200000, 0x0000000083300000, 0x0000000083300000|100%|HS|  |TAMS 0x0000000083300000, 0x0000000083200000| Complete 
|  51|0x0000000083300000, 0x0000000083400000, 0x0000000083400000|100%|HC|  |TAMS 0x0000000083400000, 0x0000000083300000| Complete 
|  52|0x0000000083400000, 0x0000000083500000, 0x0000000083500000|100%|HC|  |TAMS 0x0000000083500000, 0x0000000083400000| Complete 
|  53|0x0000000083500000, 0x0000000083600000, 0x0000000083600000|100%|HC|  |TAMS 0x0000000083600000, 0x0000000083500000| Complete 
|  54|0x0000000083600000, 0x0000000083700000, 0x0000000083700000|100%| O|  |TAMS 0x0000000083700000, 0x0000000083600000| Untracked 
|  55|0x0000000083700000, 0x0000000083800000, 0x0000000083800000|100%| O|  |TAMS 0x0000000083800000, 0x0000000083700000| Untracked 
|  56|0x0000000083800000, 0x0000000083900000, 0x0000000083900000|100%| O|  |TAMS 0x000000008382ee00, 0x0000000083800000| Untracked 
|  57|0x0000000083900000, 0x0000000083a00000, 0x0000000083a00000|100%| O|  |TAMS 0x0000000083900000, 0x0000000083900000| Untracked 
|  58|0x0000000083a00000, 0x0000000083b00000, 0x0000000083b00000|100%| O|  |TAMS 0x0000000083a00000, 0x0000000083a00000| Untracked 
|  59|0x0000000083b00000, 0x0000000083c00000, 0x0000000083c00000|100%| O|  |TAMS 0x0000000083b00000, 0x0000000083b00000| Untracked 
|  60|0x0000000083c00000, 0x0000000083d00000, 0x0000000083d00000|100%| O|  |TAMS 0x0000000083c00000, 0x0000000083c00000| Untracked 
|  61|0x0000000083d00000, 0x0000000083d99200, 0x0000000083e00000| 59%| O|  |TAMS 0x0000000083d00000, 0x0000000083d00000| Untracked 
|  62|0x0000000083e00000, 0x0000000083e00000, 0x0000000083f00000|  0%| F|  |TAMS 0x0000000083e00000, 0x0000000083e00000| Untracked 
|  63|0x0000000083f00000, 0x0000000083f00000, 0x0000000084000000|  0%| F|  |TAMS 0x0000000083f00000, 0x0000000083f00000| Untracked 
|  64|0x0000000084000000, 0x0000000084000000, 0x0000000084100000|  0%| F|  |TAMS 0x0000000084000000, 0x0000000084000000| Untracked 
|  65|0x0000000084100000, 0x0000000084100000, 0x0000000084200000|  0%| F|  |TAMS 0x0000000084100000, 0x0000000084100000| Untracked 
|  66|0x0000000084200000, 0x0000000084200000, 0x0000000084300000|  0%| F|  |TAMS 0x0000000084200000, 0x0000000084200000| Untracked 
|  67|0x0000000084300000, 0x0000000084300000, 0x0000000084400000|  0%| F|  |TAMS 0x0000000084300000, 0x0000000084300000| Untracked 
|  68|0x0000000084400000, 0x0000000084400000, 0x0000000084500000|  0%| F|  |TAMS 0x0000000084400000, 0x0000000084400000| Untracked 
|  69|0x0000000084500000, 0x0000000084500000, 0x0000000084600000|  0%| F|  |TAMS 0x0000000084500000, 0x0000000084500000| Untracked 
|  70|0x0000000084600000, 0x0000000084600000, 0x0000000084700000|  0%| F|  |TAMS 0x0000000084600000, 0x0000000084600000| Untracked 
|  71|0x0000000084700000, 0x0000000084700000, 0x0000000084800000|  0%| F|  |TAMS 0x0000000084700000, 0x0000000084700000| Untracked 
|  72|0x0000000084800000, 0x0000000084800000, 0x0000000084900000|  0%| F|  |TAMS 0x0000000084800000, 0x0000000084800000| Untracked 
|  73|0x0000000084900000, 0x0000000084900000, 0x0000000084a00000|  0%| F|  |TAMS 0x0000000084900000, 0x0000000084900000| Untracked 
|  74|0x0000000084a00000, 0x0000000084a00000, 0x0000000084b00000|  0%| F|  |TAMS 0x0000000084a00000, 0x0000000084a00000| Untracked 
|  75|0x0000000084b00000, 0x0000000084b00000, 0x0000000084c00000|  0%| F|  |TAMS 0x0000000084b00000, 0x0000000084b00000| Untracked 
|  76|0x0000000084c00000, 0x0000000084c00000, 0x0000000084d00000|  0%| F|  |TAMS 0x0000000084c00000, 0x0000000084c00000| Untracked 
|  77|0x0000000084d00000, 0x0000000084d00000, 0x0000000084e00000|  0%| F|  |TAMS 0x0000000084d00000, 0x0000000084d00000| Untracked 
|  78|0x0000000084e00000, 0x0000000084e00000, 0x0000000084f00000|  0%| F|  |TAMS 0x0000000084e00000, 0x0000000084e00000| Untracked 
|  79|0x0000000084f00000, 0x0000000084f00000, 0x0000000085000000|  0%| F|  |TAMS 0x0000000084f00000, 0x0000000084f00000| Untracked 
|  80|0x0000000085000000, 0x0000000085000000, 0x0000000085100000|  0%| F|  |TAMS 0x0000000085000000, 0x0000000085000000| Untracked 
|  81|0x0000000085100000, 0x0000000085100000, 0x0000000085200000|  0%| F|  |TAMS 0x0000000085100000, 0x0000000085100000| Untracked 
|  82|0x0000000085200000, 0x0000000085200000, 0x0000000085300000|  0%| F|  |TAMS 0x0000000085200000, 0x0000000085200000| Untracked 
|  83|0x0000000085300000, 0x0000000085300000, 0x0000000085400000|  0%| F|  |TAMS 0x0000000085300000, 0x0000000085300000| Untracked 
|  84|0x0000000085400000, 0x0000000085400000, 0x0000000085500000|  0%| F|  |TAMS 0x0000000085400000, 0x0000000085400000| Untracked 
|  85|0x0000000085500000, 0x0000000085500000, 0x0000000085600000|  0%| F|  |TAMS 0x0000000085500000, 0x0000000085500000| Untracked 
|  86|0x0000000085600000, 0x0000000085600000, 0x0000000085700000|  0%| F|  |TAMS 0x0000000085600000, 0x0000000085600000| Untracked 
|  87|0x0000000085700000, 0x0000000085700000, 0x0000000085800000|  0%| F|  |TAMS 0x0000000085700000, 0x0000000085700000| Untracked 
|  88|0x0000000085800000, 0x0000000085800000, 0x0000000085900000|  0%| F|  |TAMS 0x0000000085800000, 0x0000000085800000| Untracked 
|  89|0x0000000085900000, 0x0000000085900000, 0x0000000085a00000|  0%| F|  |TAMS 0x0000000085900000, 0x0000000085900000| Untracked 
|  90|0x0000000085a00000, 0x0000000085a00000, 0x0000000085b00000|  0%| F|  |TAMS 0x0000000085a00000, 0x0000000085a00000| Untracked 
|  91|0x0000000085b00000, 0x0000000085b00000, 0x0000000085c00000|  0%| F|  |TAMS 0x0000000085b00000, 0x0000000085b00000| Untracked 
|  92|0x0000000085c00000, 0x0000000085c00000, 0x0000000085d00000|  0%| F|  |TAMS 0x0000000085c00000, 0x0000000085c00000| Untracked 
|  93|0x0000000085d00000, 0x0000000085d00000, 0x0000000085e00000|  0%| F|  |TAMS 0x0000000085d00000, 0x0000000085d00000| Untracked 
|  94|0x0000000085e00000, 0x0000000085e00000, 0x0000000085f00000|  0%| F|  |TAMS 0x0000000085e00000, 0x0000000085e00000| Untracked 
|  95|0x0000000085f00000, 0x0000000085f00000, 0x0000000086000000|  0%| F|  |TAMS 0x0000000085f00000, 0x0000000085f00000| Untracked 
|  96|0x0000000086000000, 0x0000000086000000, 0x0000000086100000|  0%| F|  |TAMS 0x0000000086000000, 0x0000000086000000| Untracked 
|  97|0x0000000086100000, 0x0000000086100000, 0x0000000086200000|  0%| F|  |TAMS 0x0000000086100000, 0x0000000086100000| Untracked 
|  98|0x0000000086200000, 0x0000000086200000, 0x0000000086300000|  0%| F|  |TAMS 0x0000000086200000, 0x0000000086200000| Untracked 
|  99|0x0000000086300000, 0x0000000086300000, 0x0000000086400000|  0%| F|  |TAMS 0x0000000086300000, 0x0000000086300000| Untracked 
| 100|0x0000000086400000, 0x0000000086400000, 0x0000000086500000|  0%| F|  |TAMS 0x0000000086400000, 0x0000000086400000| Untracked 
| 101|0x0000000086500000, 0x0000000086500000, 0x0000000086600000|  0%| F|  |TAMS 0x0000000086500000, 0x0000000086500000| Untracked 
| 102|0x0000000086600000, 0x0000000086600000, 0x0000000086700000|  0%| F|  |TAMS 0x0000000086600000, 0x0000000086600000| Untracked 
| 103|0x0000000086700000, 0x0000000086700000, 0x0000000086800000|  0%| F|  |TAMS 0x0000000086700000, 0x0000000086700000| Untracked 
| 104|0x0000000086800000, 0x0000000086900000, 0x0000000086900000|100%| E|  |TAMS 0x0000000086800000, 0x0000000086800000| Complete 
| 105|0x0000000086900000, 0x0000000086a00000, 0x0000000086a00000|100%| E|CS|TAMS 0x0000000086900000, 0x0000000086900000| Complete 
| 106|0x0000000086a00000, 0x0000000086b00000, 0x0000000086b00000|100%| E|CS|TAMS 0x0000000086a00000, 0x0000000086a00000| Complete 
| 107|0x0000000086b00000, 0x0000000086c00000, 0x0000000086c00000|100%| E|CS|TAMS 0x0000000086b00000, 0x0000000086b00000| Complete 
| 108|0x0000000086c00000, 0x0000000086d00000, 0x0000000086d00000|100%| E|CS|TAMS 0x0000000086c00000, 0x0000000086c00000| Complete 
| 109|0x0000000086d00000, 0x0000000086d6aa40, 0x0000000086e00000| 41%| S|CS|TAMS 0x0000000086d00000, 0x0000000086d00000| Complete 
| 110|0x0000000086e00000, 0x0000000086f00000, 0x0000000086f00000|100%| E|CS|TAMS 0x0000000086e00000, 0x0000000086e00000| Complete 
| 127|0x0000000087f00000, 0x0000000088000000, 0x0000000088000000|100%| E|CS|TAMS 0x0000000087f00000, 0x0000000087f00000| Complete 

Card table byte_map: [0x0000018c74690000,0x0000018c74a90000] _byte_map_base: 0x0000018c74290000

Marking Bits (Prev, Next): (CMBitMap*) 0x0000018c5d74c940, (CMBitMap*) 0x0000018c5d74c900
 Prev Bits: [0x0000018c76e90000, 0x0000018c78e90000)
 Next Bits: [0x0000018c74e90000, 0x0000018c76e90000)

Polling page: 0x0000018c5cec0000

Metaspace:

Usage:
  Non-class:     51.82 MB used.
      Class:      8.54 MB used.
       Both:     60.37 MB used.

Virtual space:
  Non-class space:       56.00 MB reserved,      52.19 MB ( 93%) committed,  7 nodes.
      Class space:      412.00 MB reserved,       8.88 MB (  2%) committed,  1 nodes.
             Both:      468.00 MB reserved,      61.06 MB ( 13%) committed. 

Chunk freelists:
   Non-Class:  3.42 MB
       Class:  3.17 MB
        Both:  6.59 MB

MaxMetaspaceSize: 512.00 MB
CompressedClassSpaceSize: 412.00 MB
Initial GC threshold: 21.00 MB
Current GC threshold: 98.75 MB
CDS: on
MetaspaceReclaimPolicy: balanced
 - commit_granule_bytes: 65536.
 - commit_granule_words: 8192.
 - virtual_space_node_default_size: 1048576.
 - enlarge_chunks_in_place: 1.
 - new_chunks_are_fully_committed: 0.
 - uncommit_free_chunks: 1.
 - use_allocation_guard: 0.
 - handle_deallocations: 1.


Internal statistics:

num_allocs_failed_limit: 6.
num_arena_births: 768.
num_arena_deaths: 0.
num_vsnodes_births: 8.
num_vsnodes_deaths: 0.
num_space_committed: 977.
num_space_uncommitted: 0.
num_chunks_returned_to_freelist: 6.
num_chunks_taken_from_freelist: 3263.
num_chunk_merges: 6.
num_chunk_splits: 2159.
num_chunks_enlarged: 1448.
num_purges: 0.
num_inconsistent_stats: 0.

CodeHeap 'non-profiled nmethods': size=120000Kb used=3205Kb max_used=3205Kb free=116794Kb
 bounds [0x0000018c6ca30000, 0x0000018c6cd60000, 0x0000018c73f60000]
CodeHeap 'profiled nmethods': size=120000Kb used=12430Kb max_used=12430Kb free=107570Kb
 bounds [0x0000018c65500000, 0x0000018c66130000, 0x0000018c6ca30000]
CodeHeap 'non-nmethods': size=5760Kb used=2358Kb max_used=2420Kb free=3401Kb
 bounds [0x0000018c64f60000, 0x0000018c651f0000, 0x0000018c65500000]
 total_blobs=7155 nmethods=6271 adapters=796
 compilation: enabled
              stopped_count=0, restarted_count=0
 full_count=0

Compilation events (20 events):
Event: 45.832 Thread 0x0000018c7b8b3ec0 7112       3       org.gradle.internal.instantiation.generator.AsmBackedClassGenerator$ClassBuilderImpl::lambda$addActionMethod$39 (19 bytes)
Event: 45.833 Thread 0x0000018c7b8b3ec0 nmethod 7112 0x0000018c6611c010 code [0x0000018c6611c1c0, 0x0000018c6611c3a8]
Event: 45.833 Thread 0x0000018c7b8b3ec0 7113       3       org.gradle.internal.instantiation.generator.AsmBackedClassGenerator$ClassBuilderImpl$40::<init> (169 bytes)
Event: 45.835 Thread 0x0000018c7b8b3ec0 nmethod 7113 0x0000018c6611c490 code [0x0000018c6611c7e0, 0x0000018c6611e028]
Event: 45.835 Thread 0x0000018c7b8b3ec0 7114       3       org.gradle.internal.instantiation.generator.AsmBackedClassGenerator$ClassBuilderImpl::access$3000 (4 bytes)
Event: 45.835 Thread 0x0000018c7b8b3ec0 nmethod 7114 0x0000018c6611e890 code [0x0000018c6611ea20, 0x0000018c6611eb18]
Event: 45.835 Thread 0x0000018c7b8b3ec0 7115       3       org.gradle.internal.instantiation.generator.AsmBackedClassGenerator$ClassBuilderImpl::access$3100 (4 bytes)
Event: 45.835 Thread 0x0000018c7b8b3ec0 nmethod 7115 0x0000018c6611eb90 code [0x0000018c6611ed20, 0x0000018c6611ee18]
Event: 45.835 Thread 0x0000018c7b8b3ec0 7116       3       org.gradle.internal.instantiation.generator.AsmBackedClassGenerator$ClassBuilderImpl::access$3200 (4 bytes)
Event: 45.835 Thread 0x0000018c7b8b3ec0 nmethod 7116 0x0000018c6611ee90 code [0x0000018c6611f020, 0x0000018c6611f118]
Event: 45.836 Thread 0x0000018c7b8b3ec0 7117       3       org.gradle.util.internal.CollectionUtils::collectArray (49 bytes)
Event: 45.837 Thread 0x0000018c7b8b3ec0 nmethod 7117 0x0000018c6611f190 code [0x0000018c6611f360, 0x0000018c6611f7c8]
Event: 45.837 Thread 0x0000018c7b8b3ec0 7118       3       org.gradle.internal.instantiation.generator.AsmBackedClassGenerator$ClassBuilderImpl$$Lambda$145/0x0000000800db88a8::<init> (38 bytes)
Event: 45.837 Thread 0x0000018c7b8b3ec0 nmethod 7118 0x0000018c6611f990 code [0x0000018c6611fb40, 0x0000018c6611fe78]
Event: 45.837 Thread 0x0000018c7b8b3ec0 7119       3       org.gradle.internal.instantiation.generator.AsmBackedClassGenerator$ClassBuilderImpl::access$6000 (4 bytes)
Event: 45.837 Thread 0x0000018c7b8b3ec0 nmethod 7119 0x0000018c6611ff90 code [0x0000018c66120120, 0x0000018c66120218]
Event: 45.850 Thread 0x0000018c7b8b3ec0 7120       3       java.util.HashMap$TreeNode::<init> (10 bytes)
Event: 45.850 Thread 0x0000018c7b8b3ec0 nmethod 7120 0x0000018c66120290 code [0x0000018c66120420, 0x0000018c66120568]
Event: 45.854 Thread 0x0000018c7b8b3ec0 7121       3       java.util.HashMap$TreeNode::balanceInsertion (245 bytes)
Event: 45.855 Thread 0x0000018c7b8b3ec0 nmethod 7121 0x0000018c66120610 code [0x0000018c66120860, 0x0000018c66121278]

GC Heap History (20 events):
Event: 37.576 GC heap before
{Heap before GC invocations=13 (full 0):
 garbage-first heap   total 86016K, used 54067K [0x0000000080000000, 0x0000000100000000)
  region size 1024K, 17 young (17408K), 4 survivors (4096K)
 Metaspace       used 46693K, committed 47296K, reserved 471040K
  class space    used 6582K, committed 6848K, reserved 421888K
}
Event: 37.582 GC heap after
{Heap after GC invocations=14 (full 0):
 garbage-first heap   total 86016K, used 44006K [0x0000000080000000, 0x0000000100000000)
  region size 1024K, 5 young (5120K), 5 survivors (5120K)
 Metaspace       used 46693K, committed 47296K, reserved 471040K
  class space    used 6582K, committed 6848K, reserved 421888K
}
Event: 38.632 GC heap before
{Heap before GC invocations=15 (full 0):
 garbage-first heap   total 86016K, used 71654K [0x0000000080000000, 0x0000000100000000)
  region size 1024K, 28 young (28672K), 5 survivors (5120K)
 Metaspace       used 49391K, committed 49984K, reserved 471040K
  class space    used 6926K, committed 7232K, reserved 421888K
}
Event: 38.638 GC heap after
{Heap after GC invocations=16 (full 0):
 garbage-first heap   total 86016K, used 50489K [0x0000000080000000, 0x0000000100000000)
  region size 1024K, 3 young (3072K), 3 survivors (3072K)
 Metaspace       used 49391K, committed 49984K, reserved 471040K
  class space    used 6926K, committed 7232K, reserved 421888K
}
Event: 39.194 GC heap before
{Heap before GC invocations=16 (full 0):
 garbage-first heap   total 86016K, used 69945K [0x0000000080000000, 0x0000000100000000)
  region size 1024K, 22 young (22528K), 3 survivors (3072K)
 Metaspace       used 51226K, committed 51904K, reserved 471040K
  class space    used 7231K, committed 7552K, reserved 421888K
}
Event: 39.198 GC heap after
{Heap after GC invocations=17 (full 0):
 garbage-first heap   total 86016K, used 51488K [0x0000000080000000, 0x0000000100000000)
  region size 1024K, 2 young (2048K), 2 survivors (2048K)
 Metaspace       used 51226K, committed 51904K, reserved 471040K
  class space    used 7231K, committed 7552K, reserved 421888K
}
Event: 39.513 GC heap before
{Heap before GC invocations=18 (full 0):
 garbage-first heap   total 92160K, used 59680K [0x0000000080000000, 0x0000000100000000)
  region size 1024K, 11 young (11264K), 2 survivors (2048K)
 Metaspace       used 52011K, committed 52608K, reserved 471040K
  class space    used 7371K, committed 7680K, reserved 421888K
}
Event: 39.517 GC heap after
{Heap after GC invocations=19 (full 0):
 garbage-first heap   total 92160K, used 51745K [0x0000000080000000, 0x0000000100000000)
  region size 1024K, 2 young (2048K), 2 survivors (2048K)
 Metaspace       used 52011K, committed 52608K, reserved 471040K
  class space    used 7371K, committed 7680K, reserved 421888K
}
Event: 40.465 GC heap before
{Heap before GC invocations=20 (full 0):
 garbage-first heap   total 101376K, used 78369K [0x0000000080000000, 0x0000000100000000)
  region size 1024K, 24 young (24576K), 2 survivors (2048K)
 Metaspace       used 53626K, committed 54272K, reserved 471040K
  class space    used 7576K, committed 7872K, reserved 421888K
}
Event: 40.469 GC heap after
{Heap after GC invocations=21 (full 0):
 garbage-first heap   total 101376K, used 56778K [0x0000000080000000, 0x0000000100000000)
  region size 1024K, 3 young (3072K), 3 survivors (3072K)
 Metaspace       used 53626K, committed 54272K, reserved 471040K
  class space    used 7576K, committed 7872K, reserved 421888K
}
Event: 41.215 GC heap before
{Heap before GC invocations=21 (full 0):
 garbage-first heap   total 101376K, used 81354K [0x0000000080000000, 0x0000000100000000)
  region size 1024K, 28 young (28672K), 3 survivors (3072K)
 Metaspace       used 55750K, committed 56384K, reserved 471040K
  class space    used 7885K, committed 8192K, reserved 421888K
}
Event: 41.220 GC heap after
{Heap after GC invocations=22 (full 0):
 garbage-first heap   total 101376K, used 58060K [0x0000000080000000, 0x0000000100000000)
  region size 1024K, 3 young (3072K), 3 survivors (3072K)
 Metaspace       used 55750K, committed 56384K, reserved 471040K
  class space    used 7885K, committed 8192K, reserved 421888K
}
Event: 42.217 GC heap before
{Heap before GC invocations=23 (full 0):
 garbage-first heap   total 102400K, used 82636K [0x0000000080000000, 0x0000000100000000)
  region size 1024K, 28 young (28672K), 3 survivors (3072K)
 Metaspace       used 58514K, committed 59200K, reserved 479232K
  class space    used 8236K, committed 8576K, reserved 421888K
}
Event: 42.224 GC heap after
{Heap after GC invocations=24 (full 0):
 garbage-first heap   total 102400K, used 59391K [0x0000000080000000, 0x0000000100000000)
  region size 1024K, 3 young (3072K), 3 survivors (3072K)
 Metaspace       used 58514K, committed 59200K, reserved 479232K
  class space    used 8236K, committed 8576K, reserved 421888K
}
Event: 44.382 GC heap before
{Heap before GC invocations=24 (full 0):
 garbage-first heap   total 102400K, used 83967K [0x0000000080000000, 0x0000000100000000)
  region size 1024K, 27 young (27648K), 3 survivors (3072K)
 Metaspace       used 60046K, committed 60672K, reserved 479232K
  class space    used 8466K, committed 8768K, reserved 421888K
}
Event: 44.391 GC heap after
{Heap after GC invocations=25 (full 0):
 garbage-first heap   total 102400K, used 60978K [0x0000000080000000, 0x0000000100000000)
  region size 1024K, 4 young (4096K), 4 survivors (4096K)
 Metaspace       used 60046K, committed 60672K, reserved 479232K
  class space    used 8466K, committed 8768K, reserved 421888K
}
Event: 45.503 GC heap before
{Heap before GC invocations=26 (full 0):
 garbage-first heap   total 114688K, used 82482K [0x0000000080000000, 0x0000000100000000)
  region size 1024K, 25 young (25600K), 4 survivors (4096K)
 Metaspace       used 61079K, committed 61760K, reserved 479232K
  class space    used 8624K, committed 8960K, reserved 421888K
}
Event: 45.508 GC heap after
{Heap after GC invocations=27 (full 0):
 garbage-first heap   total 114688K, used 62172K [0x0000000080000000, 0x0000000100000000)
  region size 1024K, 3 young (3072K), 3 survivors (3072K)
 Metaspace       used 61079K, committed 61760K, reserved 479232K
  class space    used 8624K, committed 8960K, reserved 421888K
}
Event: 45.586 GC heap before
{Heap before GC invocations=27 (full 0):
 garbage-first heap   total 114688K, used 64220K [0x0000000080000000, 0x0000000100000000)
  region size 1024K, 5 young (5120K), 3 survivors (3072K)
 Metaspace       used 61210K, committed 61888K, reserved 479232K
  class space    used 8645K, committed 8960K, reserved 421888K
}
Event: 45.591 GC heap after
{Heap after GC invocations=28 (full 0):
 garbage-first heap   total 114688K, used 62479K [0x0000000080000000, 0x0000000100000000)
  region size 1024K, 1 young (1024K), 1 survivors (1024K)
 Metaspace       used 61210K, committed 61888K, reserved 479232K
  class space    used 8645K, committed 8960K, reserved 421888K
}

Deoptimization events (20 events):
Event: 42.063 Thread 0x0000018c7d8054c0 Uncommon trap: trap_request=0xffffffdc fr.pc=0x0000018c6cbc37f8 relative=0x00000000000002d8
Event: 42.064 Thread 0x0000018c7d8054c0 Uncommon trap: reason=class_check action=make_not_entrant pc=0x0000018c6cbc37f8 method=java.util.ArrayList.toArray([Ljava/lang/Object;)[Ljava/lang/Object; @ 21 c2
Event: 42.064 Thread 0x0000018c7d8054c0 DEOPT PACKING pc=0x0000018c6cbc37f8 sp=0x00000045515f73c0
Event: 42.064 Thread 0x0000018c7d8054c0 DEOPT UNPACKING pc=0x0000018c64fb23a3 sp=0x00000045515f7390 mode 2
Event: 42.134 Thread 0x0000018c7ef95530 Uncommon trap: trap_request=0xffffffc6 fr.pc=0x0000018c6cc7ef54 relative=0x0000000000000a34
Event: 42.134 Thread 0x0000018c7ef95530 Uncommon trap: reason=bimorphic_or_optimized_type_check action=maybe_recompile pc=0x0000018c6cc7ef54 method=java.io.BufferedInputStream.read1([BII)I @ 39 c2
Event: 42.134 Thread 0x0000018c7ef95530 DEOPT PACKING pc=0x0000018c6cc7ef54 sp=0x0000004552dfe070
Event: 42.134 Thread 0x0000018c7ef95530 DEOPT UNPACKING pc=0x0000018c64fb23a3 sp=0x0000004552dfdf88 mode 2
Event: 42.241 Thread 0x0000018c7cfc9790 DEOPT PACKING pc=0x0000018c65e57af1 sp=0x0000004551bfe6d0
Event: 42.241 Thread 0x0000018c7cfc9790 DEOPT UNPACKING pc=0x0000018c64fb2b43 sp=0x0000004551bfdb70 mode 0
Event: 42.271 Thread 0x0000018c7cfc9790 DEOPT PACKING pc=0x0000018c65dcf6c3 sp=0x0000004551bfe760
Event: 42.271 Thread 0x0000018c7cfc9790 DEOPT UNPACKING pc=0x0000018c64fb2b43 sp=0x0000004551bfdbe8 mode 0
Event: 44.914 Thread 0x0000018c7d8054c0 Uncommon trap: trap_request=0xffffffde fr.pc=0x0000018c6ca9f6dc relative=0x000000000000143c
Event: 44.914 Thread 0x0000018c7d8054c0 Uncommon trap: reason=class_check action=maybe_recompile pc=0x0000018c6ca9f6dc method=java.util.concurrent.ConcurrentHashMap.putVal(Ljava/lang/Object;Ljava/lang/Object;Z)Ljava/lang/Object; @ 242 c2
Event: 44.914 Thread 0x0000018c7d8054c0 DEOPT PACKING pc=0x0000018c6ca9f6dc sp=0x00000045515f77d0
Event: 44.914 Thread 0x0000018c7d8054c0 DEOPT UNPACKING pc=0x0000018c64fb23a3 sp=0x00000045515f7750 mode 2
Event: 44.915 Thread 0x0000018c7d8054c0 Uncommon trap: trap_request=0xffffffde fr.pc=0x0000018c6ca9f6dc relative=0x000000000000143c
Event: 44.915 Thread 0x0000018c7d8054c0 Uncommon trap: reason=class_check action=maybe_recompile pc=0x0000018c6ca9f6dc method=java.util.concurrent.ConcurrentHashMap.putVal(Ljava/lang/Object;Ljava/lang/Object;Z)Ljava/lang/Object; @ 242 c2
Event: 44.915 Thread 0x0000018c7d8054c0 DEOPT PACKING pc=0x0000018c6ca9f6dc sp=0x00000045515f77d0
Event: 44.915 Thread 0x0000018c7d8054c0 DEOPT UNPACKING pc=0x0000018c64fb23a3 sp=0x00000045515f7750 mode 2

Classes unloaded (0 events):
No events

Classes redefined (0 events):
No events

Internal exceptions (20 events):
Event: 44.333 Thread 0x0000018c7d8054c0 Exception <a 'java/lang/ClassNotFoundException'{0x0000000084dc5748}: org/gradle/internal/metaobject/ConfigureDelegateBeanInfo> (0x0000000084dc5748) 
thrown [t:\workspace\open\src\hotspot\share\classfile\systemDictionary.cpp, line 256]
Event: 44.334 Thread 0x0000018c7d8054c0 Exception <a 'java/lang/ClassNotFoundException'{0x0000000084dd5e48}: org/gradle/internal/metaobject/ConfigureDelegateCustomizer> (0x0000000084dd5e48) 
thrown [t:\workspace\open\src\hotspot\share\classfile\systemDictionary.cpp, line 256]
Event: 44.344 Thread 0x0000018c7d8054c0 Exception <a 'java/lang/ClassNotFoundException'{0x0000000084c19c00}: org/gradle/api/internal/initialization/DefaultScriptHandlerBeanInfo> (0x0000000084c19c00) 
thrown [t:\workspace\open\src\hotspot\share\classfile\systemDictionary.cpp, line 256]
Event: 44.345 Thread 0x0000018c7d8054c0 Exception <a 'java/lang/ClassNotFoundException'{0x0000000084c2a690}: org/gradle/api/internal/initialization/DefaultScriptHandlerCustomizer> (0x0000000084c2a690) 
thrown [t:\workspace\open\src\hotspot\share\classfile\systemDictionary.cpp, line 256]
Event: 44.413 Thread 0x0000018c7d8054c0 Exception <a 'java/lang/ClassNotFoundException'{0x0000000086056d78}: org/gradle/api/internal/artifacts/dsl/DefaultRepositoryHandler_DecoratedBeanInfo> (0x0000000086056d78) 
thrown [t:\workspace\open\src\hotspot\share\classfile\systemDictionary.cpp, line 256]
Event: 44.414 Thread 0x0000018c7d8054c0 Exception <a 'java/lang/ClassNotFoundException'{0x000000008606dc78}: org/gradle/api/internal/artifacts/dsl/DefaultRepositoryHandlerBeanInfo> (0x000000008606dc78) 
thrown [t:\workspace\open\src\hotspot\share\classfile\systemDictionary.cpp, line 256]
Event: 44.416 Thread 0x0000018c7d8054c0 Exception <a 'java/lang/ClassNotFoundException'{0x0000000086084a98}: org/gradle/api/internal/artifacts/DefaultArtifactRepositoryContainerBeanInfo> (0x0000000086084a98) 
thrown [t:\workspace\open\src\hotspot\share\classfile\systemDictionary.cpp, line 256]
Event: 44.420 Thread 0x0000018c7d8054c0 Exception <a 'java/lang/ClassNotFoundException'{0x0000000086098a90}: org/gradle/api/internal/DefaultNamedDomainObjectListBeanInfo> (0x0000000086098a90) 
thrown [t:\workspace\open\src\hotspot\share\classfile\systemDictionary.cpp, line 256]
Event: 44.422 Thread 0x0000018c7d8054c0 Exception <a 'java/lang/ClassNotFoundException'{0x00000000860acbe0}: org/gradle/api/internal/DefaultNamedDomainObjectCollectionBeanInfo> (0x00000000860acbe0) 
thrown [t:\workspace\open\src\hotspot\share\classfile\systemDictionary.cpp, line 256]
Event: 44.428 Thread 0x0000018c7d8054c0 Exception <a 'java/lang/ClassNotFoundException'{0x00000000860c0bd8}: org/gradle/api/internal/DefaultDomainObjectCollectionBeanInfo> (0x00000000860c0bd8) 
thrown [t:\workspace\open\src\hotspot\share\classfile\systemDictionary.cpp, line 256]
Event: 44.429 Thread 0x0000018c7d8054c0 Exception <a 'java/lang/ClassNotFoundException'{0x00000000860d4fd0}: org/gradle/api/internal/DefaultDomainObjectCollectionCustomizer> (0x00000000860d4fd0) 
thrown [t:\workspace\open\src\hotspot\share\classfile\systemDictionary.cpp, line 256]
Event: 44.447 Thread 0x0000018c7d8054c0 Exception <a 'java/lang/ClassNotFoundException'{0x0000000085f099b8}: org/gradle/api/internal/DefaultNamedDomainObjectCollectionCustomizer> (0x0000000085f099b8) 
thrown [t:\workspace\open\src\hotspot\share\classfile\systemDictionary.cpp, line 256]
Event: 44.451 Thread 0x0000018c7d8054c0 Exception <a 'java/lang/ClassNotFoundException'{0x0000000085f45470}: org/gradle/api/internal/DefaultNamedDomainObjectListCustomizer> (0x0000000085f45470) 
thrown [t:\workspace\open\src\hotspot\share\classfile\systemDictionary.cpp, line 256]
Event: 44.454 Thread 0x0000018c7d8054c0 Exception <a 'java/lang/ClassNotFoundException'{0x0000000085f76b98}: org/gradle/api/internal/artifacts/DefaultArtifactRepositoryContainerCustomizer> (0x0000000085f76b98) 
thrown [t:\workspace\open\src\hotspot\share\classfile\systemDictionary.cpp, line 256]
Event: 44.509 Thread 0x0000018c7d8054c0 Exception <a 'java/lang/ClassNotFoundException'{0x0000000085f9f520}: org/gradle/api/internal/artifacts/dsl/DefaultRepositoryHandlerCustomizer> (0x0000000085f9f520) 
thrown [t:\workspace\open\src\hotspot\share\classfile\systemDictionary.cpp, line 256]
Event: 44.519 Thread 0x0000018c7d8054c0 Exception <a 'java/lang/ClassNotFoundException'{0x0000000085fe27a8}: org/gradle/api/internal/artifacts/dsl/DefaultRepositoryHandler_DecoratedCustomizer> (0x0000000085fe27a8) 
thrown [t:\workspace\open\src\hotspot\share\classfile\systemDictionary.cpp, line 256]
Event: 44.544 Thread 0x0000018c7d8054c0 Exception <a 'java/lang/ClassNotFoundException'{0x0000000086e7d3e0}: org/gradle/api/internal/artifacts/dsl/dependencies/DefaultDependencyHandler_DecoratedBeanInfo> (0x0000000086e7d3e0) 
thrown [t:\workspace\open\src\hotspot\share\classfile\systemDictionary.cpp, line 256]
Event: 44.546 Thread 0x0000018c7d8054c0 Exception <a 'java/lang/ClassNotFoundException'{0x0000000086e93b78}: org/gradle/api/internal/artifacts/dsl/dependencies/DefaultDependencyHandlerBeanInfo> (0x0000000086e93b78) 
thrown [t:\workspace\open\src\hotspot\share\classfile\systemDictionary.cpp, line 256]
Event: 44.547 Thread 0x0000018c7d8054c0 Exception <a 'java/lang/ClassNotFoundException'{0x0000000086ea9d80}: org/gradle/api/internal/artifacts/dsl/dependencies/DefaultDependencyHandlerCustomizer> (0x0000000086ea9d80) 
thrown [t:\workspace\open\src\hotspot\share\classfile\systemDictionary.cpp, line 256]
Event: 44.551 Thread 0x0000018c7d8054c0 Exception <a 'java/lang/ClassNotFoundException'{0x0000000086ee6e48}: org/gradle/api/internal/artifacts/dsl/dependencies/DefaultDependencyHandler_DecoratedCustomizer> (0x0000000086ee6e48) 
thrown [t:\workspace\open\src\hotspot\share\classfile\systemDictionary.cpp, line 256]

VM Operations (20 events):
Event: 44.053 Executing VM operation: HandshakeAllThreads
Event: 44.053 Executing VM operation: HandshakeAllThreads done
Event: 44.278 Executing VM operation: ICBufferFull
Event: 44.278 Executing VM operation: ICBufferFull done
Event: 44.382 Executing VM operation: G1CollectForAllocation
Event: 44.392 Executing VM operation: G1CollectForAllocation done
Event: 44.462 Executing VM operation: G1Concurrent
Event: 44.508 Executing VM operation: G1Concurrent done
Event: 44.540 Executing VM operation: G1Concurrent
Event: 44.541 Executing VM operation: G1Concurrent done
Event: 44.917 Executing VM operation: HandshakeAllThreads
Event: 44.918 Executing VM operation: HandshakeAllThreads done
Event: 45.503 Executing VM operation: G1CollectForAllocation
Event: 45.509 Executing VM operation: G1CollectForAllocation done
Event: 45.586 Executing VM operation: G1CollectForAllocation
Event: 45.591 Executing VM operation: G1CollectForAllocation done
Event: 45.769 Executing VM operation: ICBufferFull
Event: 45.769 Executing VM operation: ICBufferFull done
Event: 45.797 Executing VM operation: ICBufferFull
Event: 45.797 Executing VM operation: ICBufferFull done

Events (20 events):
Event: 44.261 loading class java/nio/channels/Channels$1 done
Event: 44.620 Thread 0x0000018c7de1c7d0 Thread added: 0x0000018c7de1c7d0
Event: 45.276 loading class java/util/concurrent/ConcurrentSkipListMap$KeySet
Event: 45.277 loading class java/util/concurrent/ConcurrentSkipListMap$KeySet done
Event: 45.277 loading class java/util/concurrent/ConcurrentSkipListMap$KeyIterator
Event: 45.277 loading class java/util/concurrent/ConcurrentSkipListMap$KeyIterator done
Event: 45.277 loading class java/net/InetAddress$NameServiceAddresses
Event: 45.278 loading class java/net/InetAddress$Addresses
Event: 45.278 loading class java/net/InetAddress$Addresses done
Event: 45.278 loading class java/net/InetAddress$NameServiceAddresses done
Event: 45.285 loading class sun/net/InetAddressCachePolicy
Event: 45.285 loading class sun/net/InetAddressCachePolicy done
Event: 45.285 loading class sun/net/InetAddressCachePolicy$1
Event: 45.286 loading class sun/net/InetAddressCachePolicy$1 done
Event: 45.286 loading class sun/net/InetAddressCachePolicy$2
Event: 45.286 loading class sun/net/InetAddressCachePolicy$2 done
Event: 45.286 loading class java/net/InetAddress$CachedAddresses
Event: 45.286 loading class java/net/InetAddress$CachedAddresses done
Event: 45.286 loading class java/net/InetAddress$CachedLocalHost
Event: 45.287 loading class java/net/InetAddress$CachedLocalHost done


Dynamic libraries:
0x00007ff683e00000 - 0x00007ff683e10000 	C:\Program Files\Java\jdk-17.0.3.1\bin\java.exe
0x00007ffe7b0f0000 - 0x00007ffe7b2e8000 	C:\WINDOWS\SYSTEM32\ntdll.dll
0x00007ffe79190000 - 0x00007ffe7924d000 	C:\WINDOWS\System32\KERNEL32.DLL
0x00007ffe78a30000 - 0x00007ffe78d26000 	C:\WINDOWS\System32\KERNELBASE.dll
0x00007ffe78f90000 - 0x00007ffe79090000 	C:\WINDOWS\System32\ucrtbase.dll
0x00007ffe6bb30000 - 0x00007ffe6bb48000 	C:\Program Files\Java\jdk-17.0.3.1\bin\jli.dll
0x00007ffe7aff0000 - 0x00007ffe7b0a3000 	C:\WINDOWS\System32\ADVAPI32.dll
0x00007ffe7a130000 - 0x00007ffe7a1ce000 	C:\WINDOWS\System32\msvcrt.dll
0x00007ffe7a260000 - 0x00007ffe7a2ff000 	C:\WINDOWS\System32\sechost.dll
0x00007ffe795c0000 - 0x00007ffe796e6000 	C:\WINDOWS\System32\RPCRT4.dll
0x00007ffe78d30000 - 0x00007ffe78d57000 	C:\WINDOWS\System32\bcrypt.dll
0x00007ffe79f10000 - 0x00007ffe7a0ae000 	C:\WINDOWS\System32\USER32.dll
0x00007ffe78f60000 - 0x00007ffe78f82000 	C:\WINDOWS\System32\win32u.dll
0x00007ffe79140000 - 0x00007ffe7916c000 	C:\WINDOWS\System32\GDI32.dll
0x00007ffe787c0000 - 0x00007ffe788da000 	C:\WINDOWS\System32\gdi32full.dll
0x00007ffe78d60000 - 0x00007ffe78dfd000 	C:\WINDOWS\System32\msvcp_win.dll
0x00007ffe71e20000 - 0x00007ffe71e3a000 	C:\Program Files\Java\jdk-17.0.3.1\bin\VCRUNTIME140.dll
0x00007ffe618d0000 - 0x00007ffe61b6a000 	C:\WINDOWS\WinSxS\amd64_microsoft.windows.common-controls_6595b64144ccf1df_6.0.19041.3636_none_60b6a03d71f818d5\COMCTL32.dll
0x00007ffe6e260000 - 0x00007ffe6e26a000 	C:\WINDOWS\SYSTEM32\VERSION.dll
0x00007ffe79dc0000 - 0x00007ffe79df0000 	C:\WINDOWS\System32\IMM32.DLL
0x00007ffe71ec0000 - 0x00007ffe71ecc000 	C:\Program Files\Java\jdk-17.0.3.1\bin\vcruntime140_1.dll
0x00007ffe4f880000 - 0x00007ffe4f90d000 	C:\Program Files\Java\jdk-17.0.3.1\bin\msvcp140.dll
0x00007ffe1af00000 - 0x00007ffe1bac0000 	C:\Program Files\Java\jdk-17.0.3.1\bin\server\jvm.dll
0x00007ffe79250000 - 0x00007ffe79258000 	C:\WINDOWS\System32\PSAPI.DLL
0x00007ffe58b80000 - 0x00007ffe58b89000 	C:\WINDOWS\SYSTEM32\WSOCK32.dll
0x00007ffe7a470000 - 0x00007ffe7a4db000 	C:\WINDOWS\System32\WS2_32.dll
0x00007ffe65130000 - 0x00007ffe65157000 	C:\WINDOWS\SYSTEM32\WINMM.dll
0x00007ffe76fb0000 - 0x00007ffe76fc2000 	C:\WINDOWS\SYSTEM32\kernel.appcore.dll
0x00007ffe71070000 - 0x00007ffe7107a000 	C:\Program Files\Java\jdk-17.0.3.1\bin\jimage.dll
0x00007ffe76cd0000 - 0x00007ffe76eb4000 	C:\WINDOWS\SYSTEM32\DBGHELP.DLL
0x00007ffe6dd50000 - 0x00007ffe6dd84000 	C:\WINDOWS\SYSTEM32\dbgcore.DLL
0x00007ffe789a0000 - 0x00007ffe78a22000 	C:\WINDOWS\System32\bcryptPrimitives.dll
0x00007ffe72ff0000 - 0x00007ffe72ffe000 	C:\Program Files\Java\jdk-17.0.3.1\bin\instrument.dll
0x00007ffe525c0000 - 0x00007ffe525e5000 	C:\Program Files\Java\jdk-17.0.3.1\bin\java.dll
0x00007ffe4c440000 - 0x00007ffe4c516000 	C:\Program Files\Java\jdk-17.0.3.1\bin\jsvml.dll
0x00007ffe7a690000 - 0x00007ffe7add5000 	C:\WINDOWS\System32\SHELL32.dll
0x00007ffe76470000 - 0x00007ffe76c0b000 	C:\WINDOWS\SYSTEM32\windows.storage.dll
0x00007ffe79260000 - 0x00007ffe795b4000 	C:\WINDOWS\System32\combase.dll
0x00007ffe78110000 - 0x00007ffe7813d000 	C:\WINDOWS\SYSTEM32\Wldp.dll
0x00007ffe7ade0000 - 0x00007ffe7ae8d000 	C:\WINDOWS\System32\SHCORE.dll
0x00007ffe7a360000 - 0x00007ffe7a3b5000 	C:\WINDOWS\System32\shlwapi.dll
0x00007ffe786f0000 - 0x00007ffe78715000 	C:\WINDOWS\SYSTEM32\profapi.dll
0x00007ffe515c0000 - 0x00007ffe515d8000 	C:\Program Files\Java\jdk-17.0.3.1\bin\zip.dll
0x00007ffe55930000 - 0x00007ffe55949000 	C:\Program Files\Java\jdk-17.0.3.1\bin\net.dll
0x00007ffe6f550000 - 0x00007ffe6f65a000 	C:\WINDOWS\SYSTEM32\WINHTTP.dll
0x00007ffe77ef0000 - 0x00007ffe77f5a000 	C:\WINDOWS\system32\mswsock.dll
0x00007ffe52a30000 - 0x00007ffe52a46000 	C:\Program Files\Java\jdk-17.0.3.1\bin\nio.dll
0x00007ffe6ece0000 - 0x00007ffe6ecf0000 	C:\Program Files\Java\jdk-17.0.3.1\bin\verify.dll
0x00007ffe4fad0000 - 0x00007ffe4faf7000 	C:\Users\Lenovo\.gradle\native\68d5fa5c4cc2d200863cafc0d521ce42e7d3e7ee720ec0a83991735586a16f82\windows-amd64\native-platform.dll
0x00007ffe311e0000 - 0x00007ffe31324000 	C:\Users\Lenovo\.gradle\native\e376f236ea51e6404a007f0833ffe2c6e607c4080706a723a18a27aeea778392\windows-amd64\native-platform-file-events.dll
0x00007ffe6ee60000 - 0x00007ffe6ee69000 	C:\Program Files\Java\jdk-17.0.3.1\bin\management.dll
0x00007ffe6ea30000 - 0x00007ffe6ea3b000 	C:\Program Files\Java\jdk-17.0.3.1\bin\management_ext.dll
0x00007ffe78150000 - 0x00007ffe78168000 	C:\WINDOWS\SYSTEM32\CRYPTSP.dll
0x00007ffe777d0000 - 0x00007ffe77804000 	C:\WINDOWS\system32\rsaenh.dll
0x00007ffe78670000 - 0x00007ffe7869e000 	C:\WINDOWS\SYSTEM32\USERENV.dll
0x00007ffe78080000 - 0x00007ffe7808c000 	C:\WINDOWS\SYSTEM32\CRYPTBASE.dll
0x00007ffe77bb0000 - 0x00007ffe77beb000 	C:\WINDOWS\SYSTEM32\IPHLPAPI.DLL
0x00007ffe7a0b0000 - 0x00007ffe7a0b8000 	C:\WINDOWS\System32\NSI.dll
0x00007ffe70bd0000 - 0x00007ffe70be7000 	C:\WINDOWS\SYSTEM32\dhcpcsvc6.DLL
0x00007ffe70bb0000 - 0x00007ffe70bcd000 	C:\WINDOWS\SYSTEM32\dhcpcsvc.DLL
0x00007ffe77bf0000 - 0x00007ffe77cba000 	C:\WINDOWS\SYSTEM32\DNSAPI.dll
0x00007ffe6ce90000 - 0x00007ffe6ce9e000 	C:\Program Files\Java\jdk-17.0.3.1\bin\sunmscapi.dll
0x00007ffe78e00000 - 0x00007ffe78f5d000 	C:\WINDOWS\System32\CRYPT32.dll
0x00007ffe78260000 - 0x00007ffe78288000 	C:\WINDOWS\SYSTEM32\ncrypt.dll
0x00007ffe78220000 - 0x00007ffe7825b000 	C:\WINDOWS\SYSTEM32\NTASN1.dll
0x00007ffe6c2b0000 - 0x00007ffe6c2b7000 	C:\WINDOWS\system32\wshunix.dll
0x00007ffe515a0000 - 0x00007ffe515b7000 	C:\WINDOWS\system32\napinsp.dll
0x00007ffe51580000 - 0x00007ffe5159b000 	C:\WINDOWS\system32\pnrpnsp.dll
0x00007ffe73110000 - 0x00007ffe73125000 	C:\WINDOWS\system32\wshbth.dll
0x00007ffe71c60000 - 0x00007ffe71c7d000 	C:\WINDOWS\system32\NLAapi.dll
0x00007ffe51540000 - 0x00007ffe51552000 	C:\WINDOWS\System32\winrnr.dll
0x00000000640a0000 - 0x00000000640aa000 	C:\Program Files\National Instruments\Shared\mDNS Responder\nimdnsNSP.dll
0x0000000064090000 - 0x00000000640a0000 	C:\WINDOWS\SYSTEM32\nimdnsResponder.dll
0x0000000064060000 - 0x0000000064086000 	C:\Program Files\Bonjour\mdnsNSP.dll
0x00007ffe713a0000 - 0x00007ffe713aa000 	C:\Windows\System32\rasadhlp.dll
0x00007ffe6e4e0000 - 0x00007ffe6e560000 	C:\WINDOWS\System32\fwpuclnt.dll

dbghelp: loaded successfully - version: 4.0.5 - missing functions: none
symbol engine: initialized successfully - sym options: 0x614 - pdb path: .;C:\Program Files\Java\jdk-17.0.3.1\bin;C:\WINDOWS\SYSTEM32;C:\WINDOWS\WinSxS\amd64_microsoft.windows.common-controls_6595b64144ccf1df_6.0.19041.3636_none_60b6a03d71f818d5;C:\Program Files\Java\jdk-17.0.3.1\bin\server;C:\Users\Lenovo\.gradle\native\68d5fa5c4cc2d200863cafc0d521ce42e7d3e7ee720ec0a83991735586a16f82\windows-amd64;C:\Users\Lenovo\.gradle\native\e376f236ea51e6404a007f0833ffe2c6e607c4080706a723a18a27aeea778392\windows-amd64;C:\Program Files\National Instruments\Shared\mDNS Responder;C:\Program Files\Bonjour

VM Arguments:
jvm_args: -XX:MaxMetaspaceSize=512m --add-opens=java.base/java.util=ALL-UNNAMED --add-opens=java.base/java.lang=ALL-UNNAMED --add-opens=java.base/java.lang.invoke=ALL-UNNAMED --add-opens=java.prefs/java.util.prefs=ALL-UNNAMED --add-opens=java.base/java.nio.charset=ALL-UNNAMED --add-opens=java.base/java.net=ALL-UNNAMED --add-opens=java.base/java.util.concurrent.atomic=ALL-UNNAMED -Xmx2048m -Dfile.encoding=windows-1251 -Duser.country=RU -Duser.language=ru -Duser.variant -javaagent:C:\Users\Lenovo\.gradle\wrapper\dists\gradle-8.3-all\6en3ugtfdg5xnpx44z4qbwgas\gradle-8.3\lib\agents\gradle-instrumentation-agent-8.3.jar 
java_command: org.gradle.launcher.daemon.bootstrap.GradleDaemon 8.3
java_class_path (initial): C:\Users\Lenovo\.gradle\wrapper\dists\gradle-8.3-all\6en3ugtfdg5xnpx44z4qbwgas\gradle-8.3\lib\gradle-launcher-8.3.jar
Launcher Type: SUN_STANDARD

[Global flags]
     intx CICompilerCount                          = 4                                         {product} {ergonomic}
   size_t CompressedClassSpaceSize                 = 432013312                                 {product} {ergonomic}
     uint ConcGCThreads                            = 2                                         {product} {ergonomic}
     uint G1ConcRefinementThreads                  = 8                                         {product} {ergonomic}
   size_t G1HeapRegionSize                         = 1048576                                   {product} {ergonomic}
    uintx GCDrainStackTargetSize                   = 64                                        {product} {ergonomic}
   size_t InitialHeapSize                          = 134217728                                 {product} {ergonomic}
   size_t MarkStackSize                            = 4194304                                   {product} {ergonomic}
   size_t MaxHeapSize                              = 2147483648                                {product} {command line}
   size_t MaxMetaspaceSize                         = 536870912                                 {product} {command line}
   size_t MaxNewSize                               = 1287651328                                {product} {ergonomic}
   size_t MinHeapDeltaBytes                        = 1048576                                   {product} {ergonomic}
   size_t MinHeapSize                              = 8388608                                   {product} {ergonomic}
    uintx NonNMethodCodeHeapSize                   = 5839372                                {pd product} {ergonomic}
    uintx NonProfiledCodeHeapSize                  = 122909434                              {pd product} {ergonomic}
    uintx ProfiledCodeHeapSize                     = 122909434                              {pd product} {ergonomic}
    uintx ReservedCodeCacheSize                    = 251658240                              {pd product} {ergonomic}
     bool SegmentedCodeCache                       = true                                      {product} {ergonomic}
   size_t SoftMaxHeapSize                          = 2147483648                             {manageable} {ergonomic}
     bool UseCompressedClassPointers               = true                           {product lp64_product} {ergonomic}
     bool UseCompressedOops                        = true                           {product lp64_product} {ergonomic}
     bool UseG1GC                                  = true                                      {product} {ergonomic}
     bool UseLargePagesIndividualAllocation        = false                                  {pd product} {ergonomic}

Logging:
Log output configuration:
 #0: stdout all=warning uptime,level,tags
 #1: stderr all=off uptime,level,tags

Environment Variables:
JAVA_HOME=C:\Program Files\Java\jdk-17.0.3.1
CLASSPATH=C:\Users\Lenovo\CoffeWakeTestApp\android\\gradle\wrapper\gradle-wrapper.jar
PATH=C:\Users\Lenovo\CoffeWakeTestApp\node_modules\.bin;C:\Users\Lenovo\CoffeWakeTestApp\node_modules\.bin;C:\Users\Lenovo\node_modules\.bin;C:\Users\node_modules\.bin;C:\node_modules\.bin;C:\Users\Lenovo\AppData\Roaming\nvm\v18.17.0\node_modules\npm\node_modules\@npmcli\run-script\lib\node-gyp-bin;C:\Users\Lenovo\AppData\Local\Temp\yarn--1706364112996-0.9907654313204937;C:\Users\Lenovo\CoffeWakeTestApp\node_modules\.bin;C:\Users\Lenovo\AppData\Local\Yarn\Data\link\node_modules\.bin;C:\Program Files\libexec\lib\node_modules\npm\bin\node-gyp-bin;C:\Program Files\lib\node_modules\npm\bin\node-gyp-bin;C:\Program Files\nodejs\node_modules\npm\bin\node-gyp-bin;C:\Program Files\Eclipse Foundation\jdk-8.0.302.8-hotspot\bin;C:\Ruby30-x64\bin;C:\Program Files\Common Files\Oracle\Java\javapath;C:\Program Files (x86)\Common Files\Oracle\Java\javapath;C:\WINDOWS\system32;C:\WINDOWS;C:\WINDOWS\System32\Wbem;C:\WINDOWS\System32\WindowsPowerShell\v1.0\;C:\WINDOWS\System32\OpenSSH\;C:\Program Files\Microsoft SQL Server\130\Tools\Binn\;C:\Program Files\Microsoft SQL Server\Client SDK\ODBC\170\Tools\Binn\;C:\Program Files\dotnet\;C:\Users\Lenovo\OneDrive\ \jdk1.8.0_221_x64\bin;C:\Program Files\Polyspace\R2021a\bin;C:\Program Files\Microsoft SQL Server\Client SDK\ODBC\110\Tools\Binn\;C:\Program Files (x86)\Microsoft SQL Server\120\Tools\Binn\;C:\Program Files\Microsoft SQL Server\120\Tools\Binn\;C:\Program Files\Microsoft SQL Server\120\DTS\Binn\;C:\Program Files (x86)\Windows Kits\8.1\Windows Performance Toolkit\;C:\Program Files\Git\cmd;C:\Users\Lenovo\AppData\Local\Android\Sdk\platform-tools;C:\Program Files (x86)\Yarn\bin\;C:\Users\Lenovo\AppData\Roaming\nvm;C:\Program Files\nodejs;C:\Users\Lenovo\AppData\Local\Android\Sdk\platform-tools;C:\Users\Lenovo\AppData\Local\Programs\Python\Python310\Scripts\;C:\Users\Lenovo\AppData\Local\Programs\Python\Python310\;C:\Program Files\MySQL\MySQL Shell 8.0\bin\;C:\Users\Lenovo\AppData\Local\Microsoft\WindowsApps;C:\Users\Lenovo\.dotn
USERNAME=Lenovo
LANG=en_US.UTF-8
OS=Windows_NT
PROCESSOR_IDENTIFIER=Intel64 Family 6 Model 158 Stepping 13, GenuineIntel



---------------  S Y S T E M  ---------------

OS:
 Windows 10 , 64 bit Build 19041 (10.0.19041.3636)
OS uptime: 16 days 13:04 hours
Hyper-V role detected

CPU: total 8 (initial active 8) (4 cores per cpu, 2 threads per core) family 6 model 158 stepping 13 microcode 0xf0, cx8, cmov, fxsr, ht, mmx, 3dnowpref, sse, sse2, sse3, ssse3, sse4.1, sse4.2, popcnt, lzcnt, tsc, tscinvbit, avx, avx2, aes, erms, clmul, bmi1, bmi2, adx, fma, vzeroupper, clflush, clflushopt, hv

Memory: 4k page, system-wide physical 8103M (143M free)
TotalPageFile size 32679M (AvailPageFile size 16M)
current process WorkingSet (physical memory assigned to process): 287M, peak: 292M
current process commit charge ("private bytes"): 330M, peak: 334M

vm_info: Java HotSpot(TM) 64-Bit Server VM (17.0.3.1+2-LTS-6) for windows-amd64 JRE (17.0.3.1+2-LTS-6), built on Apr 25 2022 22:04:21 by "mach5one" with MS VC++ 16.8 / 16.9 (VS2019)

END.
